<?xml version="1.0" encoding="UTF-8"?>
<!-- Generated by org.testng.reporters.JUnitReportReporter -->
<testsuite hostname="wifi-roaming-128-4-82-99.wifi.udel.edu" failures="0" tests="13" name="Testclass.International_App" time="3.171" errors="0" timestamp="2026-02-09T09:54:55 GMT-05:00" skipped="0">
  <testcase classname="Testclass.International_App" name="verify_English_Language" time="1.030"/>
  <testcase classname="Testclass.International_App" name="verify_Danish_Language" time="0.253"/>
  <testcase classname="Testclass.International_App" name="verify_German_Language" time="0.214"/>
  <testcase classname="Testclass.International_App" name="verify_Dutch_Language" time="0.184"/>
  <testcase classname="Testclass.International_App" name="verify_Finnish_Language" time="0.169"/>
  <testcase classname="Testclass.International_App" name="verify_French_Language" time="0.160"/>
  <testcase classname="Testclass.International_App" name="verify_Italian_Language" time="0.159"/>
  <testcase classname="Testclass.International_App" name="verify_Norwegian_Language" time="0.149"/>
  <testcase classname="Testclass.International_App" name="verify_Spanish_Language" time="0.334"/>
  <testcase classname="Testclass.International_App" name="verify_swedish_Language" time="0.135"/>
  <testcase classname="Testclass.International_App" name="verify_Eurpoean_Portuguese_Language" time="0.131"/>
  <testcase classname="Testclass.International_App" name="verify_Polish_Language" time="0.126"/>
  <testcase classname="Testclass.International_App" name="verify_Portuguese_Brazil_Language" time="0.127"/>
</testsuite> <!-- Testclass.International_App -->
