<?xml version="1.0" encoding="UTF-8"?>
<!-- Generated by org.testng.reporters.JUnitReportReporter -->
<testsuite hostname="G4SLFX33E" failures="0" tests="13" name="jsondf.International_DE_Appcat" time="9.296" errors="1" timestamp="2024-03-20T18:58:14 IST" skipped="0">
  <testcase classname="jsondf.International_DE_Appcat" name="verify_English_Language" time="1.976"/>
  <system-out/>
  <testcase classname="jsondf.International_DE_Appcat" name="verify_Danish_Language" time="0.739"/>
  <system-out/>
  <testcase classname="jsondf.International_DE_Appcat" name="verify_German_Language" time="0.640"/>
  <system-out/>
  <testcase classname="jsondf.International_DE_Appcat" name="verify_Dutch_Language" time="0.890"/>
  <system-out/>
  <testcase classname="jsondf.International_DE_Appcat" name="verify_Finnish_Language" time="0.617"/>
  <system-out/>
  <testcase classname="jsondf.International_DE_Appcat" name="verify_French_Language" time="0.627"/>
  <system-out/>
  <testcase classname="jsondf.International_DE_Appcat" name="verify_Italian_Language" time="0.670"/>
  <system-out/>
  <testcase classname="jsondf.International_DE_Appcat" name="verify_Norwegian_Language" time="0.631"/>
  <system-out/>
  <testcase classname="jsondf.International_DE_Appcat" name="verify_Spanish_Language" time="0.022">
    <error message=".\Data\Book11.xlsx (The system cannot find the file specified)" type="java.io.FileNotFoundException">
      <![CDATA[java.io.FileNotFoundException: .\Data\Book11.xlsx (The system cannot find the file specified)
at java.base/java.io.FileInputStream.open0(Native Method)
at java.base/java.io.FileInputStream.open(FileInputStream.java:216)
at java.base/java.io.FileInputStream.<init>(FileInputStream.java:157)
at jsondf.WebUtility.AsserKeyValue(commonexcelcat.java:131)
at jsondf.International_DE_Appcat.verify_Spanish_Language(International_DE_Appcat.java:169)
at java.base/jdk.internal.reflect.NativeMethodAccessorImpl.invoke0(Native Method)
at java.base/jdk.internal.reflect.NativeMethodAccessorImpl.invoke(NativeMethodAccessorImpl.java:77)
at java.base/jdk.internal.reflect.DelegatingMethodAccessorImpl.invoke(DelegatingMethodAccessorImpl.java:43)
at java.base/java.lang.reflect.Method.invoke(Method.java:568)
at org.testng.internal.MethodInvocationHelper.invokeMethod(MethodInvocationHelper.java:133)
at org.testng.internal.TestInvoker.invokeMethod(TestInvoker.java:598)
at org.testng.internal.TestInvoker.invokeTestMethod(TestInvoker.java:173)
at org.testng.internal.MethodRunner.runInSequence(MethodRunner.java:46)
at org.testng.internal.TestInvoker$MethodInvocationAgent.invoke(TestInvoker.java:824)
at org.testng.internal.TestInvoker.invokeTestMethods(TestInvoker.java:146)
at org.testng.internal.TestMethodWorker.invokeTestMethods(TestMethodWorker.java:146)
at org.testng.internal.TestMethodWorker.run(TestMethodWorker.java:128)
at java.base/java.util.ArrayList.forEach(ArrayList.java:1511)
at org.testng.TestRunner.privateRun(TestRunner.java:794)
at org.testng.TestRunner.run(TestRunner.java:596)
at org.testng.SuiteRunner.runTest(SuiteRunner.java:377)
at org.testng.SuiteRunner.runSequentially(SuiteRunner.java:371)
at org.testng.SuiteRunner.privateRun(SuiteRunner.java:332)
at org.testng.SuiteRunner.run(SuiteRunner.java:276)
at org.testng.SuiteRunnerWorker.runSuite(SuiteRunnerWorker.java:53)
at org.testng.SuiteRunnerWorker.run(SuiteRunnerWorker.java:96)
at org.testng.TestNG.runSuitesSequentially(TestNG.java:1212)
at org.testng.TestNG.runSuitesLocally(TestNG.java:1134)
at org.testng.TestNG.runSuites(TestNG.java:1063)
at org.testng.TestNG.run(TestNG.java:1031)
at org.testng.remote.AbstractRemoteTestNG.run(AbstractRemoteTestNG.java:115)
at org.testng.remote.RemoteTestNG.initAndRun(RemoteTestNG.java:251)
at org.testng.remote.RemoteTestNG.main(RemoteTestNG.java:77)
]]>
    </error>
  </testcase> <!-- verify_Spanish_Language -->
  <system-out/>
  <testcase classname="jsondf.International_DE_Appcat" name="verify_swedish_Language" time="0.696"/>
  <system-out/>
  <testcase classname="jsondf.International_DE_Appcat" name="verify_Eurpoean_Portuguese_Language" time="0.577"/>
  <system-out/>
  <testcase classname="jsondf.International_DE_Appcat" name="verify_Polish_Language" time="0.604"/>
  <system-out/>
  <testcase classname="jsondf.International_DE_Appcat" name="verify_Portuguese_Brazil_Language" time="0.607"/>
  <system-out/>
</testsuite> <!-- jsondf.International_DE_Appcat -->
