<?xml version="1.0" encoding="UTF-8"?>
<!-- Generated by org.testng.reporters.JUnitReportReporter -->
<testsuite hostname="G4SLFX33E" failures="0" tests="3" name="Generic.International_DE_Dynamic_Tool" time="3.984" errors="0" timestamp="2023-09-22T14:37:39 IST" skipped="0">
  <testcase classname="Generic.International_DE_Dynamic_Tool" name="verify_deapp_Language" time="2.852"/>
  <system-out/>
  <testcase classname="Generic.International_DE_Dynamic_Tool" name="verify_connecti_Language" time="0.677"/>
  <system-out/>
  <testcase classname="Generic.International_DE_Dynamic_Tool" name="verify_email_Language" time="0.455"/>
  <system-out/>
</testsuite> <!-- Generic.International_DE_Dynamic_Tool -->
