<?xml version="1.0" encoding="UTF-8"?>
<!-- Generated by org.testng.reporters.JUnitReportReporter -->
<testsuite hostname="wifi-roaming-128-4-93-243.wifi.udel.edu" failures="0" tests="13" name="Generic.International_App" time="3572.051" errors="0" timestamp="2025-03-18T20:00:51 GMT-04:00" skipped="0">
  <testcase classname="Generic.International_App" name="verify_English_Language" time="115.536"/>
  <system-out/>
  <testcase classname="Generic.International_App" name="verify_Danish_Language" time="112.163"/>
  <system-out/>
  <testcase classname="Generic.International_App" name="verify_German_Language" time="113.206"/>
  <system-out/>
  <testcase classname="Generic.International_App" name="verify_Dutch_Language" time="113.003"/>
  <system-out/>
  <testcase classname="Generic.International_App" name="verify_Finnish_Language" time="113.758"/>
  <system-out/>
  <testcase classname="Generic.International_App" name="verify_French_Language" time="113.402"/>
  <system-out/>
  <testcase classname="Generic.International_App" name="verify_Italian_Language" time="388.086"/>
  <system-out/>
  <testcase classname="Generic.International_App" name="verify_Norwegian_Language" time="113.293"/>
  <system-out/>
  <testcase classname="Generic.International_App" name="verify_Spanish_Language" time="115.284"/>
  <system-out/>
  <testcase classname="Generic.International_App" name="verify_swedish_Language" time="115.724"/>
  <system-out/>
  <testcase classname="Generic.International_App" name="verify_Eurpoean_Portuguese_Language" time="114.477"/>
  <system-out/>
  <testcase classname="Generic.International_App" name="verify_Polish_Language" time="1848.585"/>
  <system-out/>
  <testcase classname="Generic.International_App" name="verify_Portuguese_Brazil_Language" time="195.534"/>
  <system-out/>
</testsuite> <!-- Generic.International_App -->
