<?xml version="1.0" encoding="UTF-8"?>
<!-- Generated by org.testng.reporters.JUnitReportReporter -->
<testsuite hostname="Brahmendras-MacBook-Air.local" failures="0" tests="13" name="Testclass.International_App" time="3.273" errors="0" timestamp="2026-04-28T13:26:22 GMT-04:00" skipped="0">
  <testcase classname="Testclass.International_App" name="verify_English_Language" time="1.078"/>
  <testcase classname="Testclass.International_App" name="verify_Danish_Language" time="0.258"/>
  <testcase classname="Testclass.International_App" name="verify_German_Language" time="0.208"/>
  <testcase classname="Testclass.International_App" name="verify_Dutch_Language" time="0.183"/>
  <testcase classname="Testclass.International_App" name="verify_Finnish_Language" time="0.184"/>
  <testcase classname="Testclass.International_App" name="verify_French_Language" time="0.156"/>
  <testcase classname="Testclass.International_App" name="verify_Italian_Language" time="0.154"/>
  <testcase classname="Testclass.International_App" name="verify_Norwegian_Language" time="0.147"/>
  <testcase classname="Testclass.International_App" name="verify_Spanish_Language" time="0.343"/>
  <testcase classname="Testclass.International_App" name="verify_swedish_Language" time="0.140"/>
  <testcase classname="Testclass.International_App" name="verify_Eurpoean_Portuguese_Language" time="0.131"/>
  <testcase classname="Testclass.International_App" name="verify_Polish_Language" time="0.136"/>
  <testcase classname="Testclass.International_App" name="verify_Portuguese_Brazil_Language" time="0.155"/>
</testsuite> <!-- Testclass.International_App -->
