<?xml version="1.0" encoding="UTF-8"?>
<!-- Generated by org.testng.reporters.JUnitXMLReporter -->
<testsuite ignored="0" hostname="G4SLFX33E" failures="1" tests="1" name="email" time="2.656" errors="0" timestamp="2023-12-05T21:11:24 IST">
  <testcase classname="deapp.report" name="sendEmail" time="2.651">
    <failure type="org.apache.commons.mail.EmailException" message="Sending the email to the following server failed : smtp.gmail.com:465">
      <![CDATA[org.apache.commons.mail.EmailException: Sending the email to the following server failed : smtp.gmail.com:465
at org.apache.commons.mail.Email.sendMimeMessage(Email.java:1469)
at org.apache.commons.mail.Email.send(Email.java:1496)
at deapp.report.sendEmail(report.java:62)
at java.base/java.util.ArrayList.forEach(ArrayList.java:1511)
Caused by: javax.mail.AuthenticationFailedException: 534-5.7.9 Application-specific password required. Learn more at
534 5.7.9  https://support.google.com/mail/?p=InvalidSecondFactor a20-20020a637f14000000b005c215baacc1sm4771497pgd.70 - gsmtp

at com.sun.mail.smtp.SMTPTransport$Authenticator.authenticate(SMTPTransport.java:965)
at com.sun.mail.smtp.SMTPTransport.authenticate(SMTPTransport.java:876)
at com.sun.mail.smtp.SMTPTransport.protocolConnect(SMTPTransport.java:780)
at javax.mail.Service.connect(Service.java:388)
at javax.mail.Service.connect(Service.java:246)
at javax.mail.Service.connect(Service.java:195)
at javax.mail.Transport.send0(Transport.java:254)
at javax.mail.Transport.send(Transport.java:124)
at org.apache.commons.mail.Email.sendMimeMessage(Email.java:1459)
... 30 more
... Removed 27 stack frames]]>
    </failure>
  </testcase> <!-- sendEmail -->
</testsuite> <!-- email -->
