<?xml version="1.0" encoding="UTF-8"?>
<!-- Generated by org.testng.reporters.JUnitXMLReporter -->
<testsuite ignored="0" hostname="G4SLFX33E" failures="1" tests="1" name="International_DE_Connectivity_Tool" time="0.9" errors="0" timestamp="2023-12-03T01:51:57 IST">
  <testcase classname="deapp.International_DE_Connectivity_Tool" name="verify_English_Language" time="0.858">
    <failure type="junit.framework.ComparisonFailure" message="There is Mismatch in Language values  expected:&amp;lt;Open[]&amp;gt; but was:&amp;lt;Open[n]&amp;gt;">
      <![CDATA[junit.framework.ComparisonFailure: There is Mismatch in Language values  expected:<Open[]> but was:<Open[n]>
at junit.framework.Assert.assertEquals(Assert.java:85)
at deapp.commonexcel.AsserKeyValue(commonexcel.java:258)
at deapp.International_DE_Connectivity_Tool.verify_English_Language(International_DE_Connectivity_Tool.java:53)
at java.base/java.util.ArrayList.forEach(ArrayList.java:1511)
... Removed 27 stack frames]]>
    </failure>
  </testcase> <!-- verify_English_Language -->
</testsuite> <!-- International_DE_Connectivity_Tool -->
