<?xml version="1.0" encoding="UTF-8"?>
<!-- Generated by org.testng.reporters.JUnitXMLReporter -->
<testsuite ignored="1" hostname="Brahmendras-MacBook-Air.local" failures="0" tests="14" name="Test" time="24.579" errors="0" timestamp="2026-01-12T20:50:02 GMT-05:00">
  <testcase classname="Testclass.International_App" name="verify_English_Language" time="7.26"/>
  <testcase classname="Testclass.International_App" name="verify_Danish_Language" time="1.527"/>
  <testcase classname="Testclass.International_App" name="verify_German_Language" time="1.071"/>
  <testcase classname="Testclass.International_App" name="verify_Dutch_Language" time="0.822"/>
  <testcase classname="Testclass.International_App" name="verify_Finnish_Language" time="0.82"/>
  <testcase classname="Testclass.International_App" name="verify_French_Language" time="0.554"/>
  <testcase classname="Testclass.International_App" name="verify_Italian_Language" time="0.469"/>
  <testcase classname="Testclass.International_App" name="verify_Norwegian_Language" time="0.586"/>
  <testcase classname="Testclass.International_App" name="verify_Spanish_Language" time="0.287"/>
  <testcase classname="Testclass.International_App" name="verify_swedish_Language" time="0.427"/>
  <testcase classname="Testclass.International_App" name="verify_Eurpoean_Portuguese_Language" time="1.734"/>
  <testcase classname="Testclass.International_App" name="verify_Polish_Language" time="0.539"/>
  <testcase classname="Testclass.International_App" name="verify_Portuguese_Brazil_Language" time="0.468"/>
  <testcase classname="Testclass.APP_HighestStringLength" name="Get_HighestLength_String_of_Particular_LanguageKey" time="1.934"/>
  <testcase classname="Generic.AdminBaseControl" name="@BeforeSuite extentReportSetUp" time="0.0">
    <ignored/>
  </testcase> <!-- @BeforeSuite extentReportSetUp -->
</testsuite> <!-- Test -->
