<?xml version="1.0" encoding="UTF-8"?>
<!-- Generated by org.testng.reporters.JUnitXMLReporter -->
<testsuite ignored="1" hostname="Brahmendras-MacBook-Air.local" failures="0" tests="14" name="Test" time="3.053" errors="0" timestamp="2026-02-03T09:53:02 GMT-05:00">
  <testcase classname="Testclass.International_App" name="verify_English_Language" time="0.711"/>
  <testcase classname="Testclass.International_App" name="verify_Danish_Language" time="0.228"/>
  <testcase classname="Testclass.International_App" name="verify_German_Language" time="0.154"/>
  <testcase classname="Testclass.International_App" name="verify_Dutch_Language" time="0.139"/>
  <testcase classname="Testclass.International_App" name="verify_Finnish_Language" time="0.127"/>
  <testcase classname="Testclass.International_App" name="verify_French_Language" time="0.129"/>
  <testcase classname="Testclass.International_App" name="verify_Italian_Language" time="0.112"/>
  <testcase classname="Testclass.International_App" name="verify_Norwegian_Language" time="0.109"/>
  <testcase classname="Testclass.International_App" name="verify_Spanish_Language" time="0.101"/>
  <testcase classname="Testclass.International_App" name="verify_swedish_Language" time="0.099"/>
  <testcase classname="Testclass.International_App" name="verify_Eurpoean_Portuguese_Language" time="0.105"/>
  <testcase classname="Testclass.International_App" name="verify_Polish_Language" time="0.092"/>
  <testcase classname="Testclass.International_App" name="verify_Portuguese_Brazil_Language" time="0.089"/>
  <testcase classname="Testclass.APP_HighestStringLength" name="Get_HighestLength_String_of_Particular_LanguageKey" time="0.425"/>
  <testcase classname="Generic.AdminBaseControl" name="@BeforeSuite extentReportSetUp" time="0.0">
    <ignored/>
  </testcase> <!-- @BeforeSuite extentReportSetUp -->
</testsuite> <!-- Test -->
