<?xml version="1.0" encoding="UTF-8"?>
<!-- Generated by org.testng.reporters.JUnitXMLReporter -->
<testsuite ignored="0" hostname="G4SLFX33E" failures="13" tests="13" name="International_DE_App" time="0.495" errors="0" timestamp="2024-02-27T16:10:55 IST">
  <testcase classname="deapp.International_DE_App" name="verify_English_Language" time="0.007">
    <failure type="java.lang.Error" message="Unresolved compilation problems: 
	XSSFWorkbook cannot be resolved to a type
	XSSFWorkbook cannot be resolved to a type
	XSSFSheet cannot be resolved to a type
	JSONParser cannot be resolved to a type
	JSONParser cannot be resolved to a type
	JSONObject cannot be resolved to a type
	JSONObject cannot be resolved to a type
	JSONObject cannot be resolved to a type
	JSONObject cannot be resolved to a type
	Assert cannot be resolved
	Assert cannot be resolved
	JSONObject cannot be resolved to a type
	JSONObject cannot be resolved to a type
	Assert cannot be resolved
">
      <![CDATA[java.lang.Error: Unresolved compilation problems: 
XSSFWorkbook cannot be resolved to a type
XSSFWorkbook cannot be resolved to a type
XSSFSheet cannot be resolved to a type
JSONParser cannot be resolved to a type
JSONParser cannot be resolved to a type
JSONObject cannot be resolved to a type
JSONObject cannot be resolved to a type
JSONObject cannot be resolved to a type
JSONObject cannot be resolved to a type
Assert cannot be resolved
Assert cannot be resolved
JSONObject cannot be resolved to a type
JSONObject cannot be resolved to a type
Assert cannot be resolved

at deapp.commonexcel.AsserKeyValue(commonexcel.java:121)
at deapp.International_DE_App.verify_English_Language(International_DE_App.java:53)
at java.base/java.util.ArrayList.forEach(ArrayList.java:1511)
... Removed 31 stack frames]]>
    </failure>
  </testcase> <!-- verify_English_Language -->
  <testcase classname="deapp.International_DE_App" name="verify_Danish_Language" time="0.001">
    <failure type="java.lang.Error" message="Unresolved compilation problems: 
	XSSFWorkbook cannot be resolved to a type
	XSSFWorkbook cannot be resolved to a type
	XSSFSheet cannot be resolved to a type
	JSONParser cannot be resolved to a type
	JSONParser cannot be resolved to a type
	JSONObject cannot be resolved to a type
	JSONObject cannot be resolved to a type
	JSONObject cannot be resolved to a type
	JSONObject cannot be resolved to a type
	Assert cannot be resolved
	Assert cannot be resolved
	JSONObject cannot be resolved to a type
	JSONObject cannot be resolved to a type
	Assert cannot be resolved
">
      <![CDATA[java.lang.Error: Unresolved compilation problems: 
XSSFWorkbook cannot be resolved to a type
XSSFWorkbook cannot be resolved to a type
XSSFSheet cannot be resolved to a type
JSONParser cannot be resolved to a type
JSONParser cannot be resolved to a type
JSONObject cannot be resolved to a type
JSONObject cannot be resolved to a type
JSONObject cannot be resolved to a type
JSONObject cannot be resolved to a type
Assert cannot be resolved
Assert cannot be resolved
JSONObject cannot be resolved to a type
JSONObject cannot be resolved to a type
Assert cannot be resolved

at deapp.commonexcel.AsserKeyValue(commonexcel.java:121)
at deapp.International_DE_App.verify_Danish_Language(International_DE_App.java:86)
at java.base/java.util.ArrayList.forEach(ArrayList.java:1511)
... Removed 31 stack frames]]>
    </failure>
  </testcase> <!-- verify_Danish_Language -->
  <testcase classname="deapp.International_DE_App" name="verify_German_Language" time="0.0">
    <failure type="java.lang.Error" message="Unresolved compilation problems: 
	XSSFWorkbook cannot be resolved to a type
	XSSFWorkbook cannot be resolved to a type
	XSSFSheet cannot be resolved to a type
	JSONParser cannot be resolved to a type
	JSONParser cannot be resolved to a type
	JSONObject cannot be resolved to a type
	JSONObject cannot be resolved to a type
	JSONObject cannot be resolved to a type
	JSONObject cannot be resolved to a type
	Assert cannot be resolved
	Assert cannot be resolved
	JSONObject cannot be resolved to a type
	JSONObject cannot be resolved to a type
	Assert cannot be resolved
">
      <![CDATA[java.lang.Error: Unresolved compilation problems: 
XSSFWorkbook cannot be resolved to a type
XSSFWorkbook cannot be resolved to a type
XSSFSheet cannot be resolved to a type
JSONParser cannot be resolved to a type
JSONParser cannot be resolved to a type
JSONObject cannot be resolved to a type
JSONObject cannot be resolved to a type
JSONObject cannot be resolved to a type
JSONObject cannot be resolved to a type
Assert cannot be resolved
Assert cannot be resolved
JSONObject cannot be resolved to a type
JSONObject cannot be resolved to a type
Assert cannot be resolved

at deapp.commonexcel.AsserKeyValue(commonexcel.java:121)
at deapp.International_DE_App.verify_German_Language(International_DE_App.java:69)
at java.base/java.util.ArrayList.forEach(ArrayList.java:1511)
... Removed 31 stack frames]]>
    </failure>
  </testcase> <!-- verify_German_Language -->
  <testcase classname="deapp.International_DE_App" name="verify_Dutch_Language" time="0.0">
    <failure type="java.lang.Error" message="Unresolved compilation problems: 
	XSSFWorkbook cannot be resolved to a type
	XSSFWorkbook cannot be resolved to a type
	XSSFSheet cannot be resolved to a type
	JSONParser cannot be resolved to a type
	JSONParser cannot be resolved to a type
	JSONObject cannot be resolved to a type
	JSONObject cannot be resolved to a type
	JSONObject cannot be resolved to a type
	JSONObject cannot be resolved to a type
	Assert cannot be resolved
	Assert cannot be resolved
	JSONObject cannot be resolved to a type
	JSONObject cannot be resolved to a type
	Assert cannot be resolved
">
      <![CDATA[java.lang.Error: Unresolved compilation problems: 
XSSFWorkbook cannot be resolved to a type
XSSFWorkbook cannot be resolved to a type
XSSFSheet cannot be resolved to a type
JSONParser cannot be resolved to a type
JSONParser cannot be resolved to a type
JSONObject cannot be resolved to a type
JSONObject cannot be resolved to a type
JSONObject cannot be resolved to a type
JSONObject cannot be resolved to a type
Assert cannot be resolved
Assert cannot be resolved
JSONObject cannot be resolved to a type
JSONObject cannot be resolved to a type
Assert cannot be resolved

at deapp.commonexcel.AsserKeyValue(commonexcel.java:121)
at deapp.International_DE_App.verify_Dutch_Language(International_DE_App.java:101)
at java.base/java.util.ArrayList.forEach(ArrayList.java:1511)
... Removed 31 stack frames]]>
    </failure>
  </testcase> <!-- verify_Dutch_Language -->
  <testcase classname="deapp.International_DE_App" name="verify_Finnish_Language" time="0.0">
    <failure type="java.lang.Error" message="Unresolved compilation problems: 
	XSSFWorkbook cannot be resolved to a type
	XSSFWorkbook cannot be resolved to a type
	XSSFSheet cannot be resolved to a type
	JSONParser cannot be resolved to a type
	JSONParser cannot be resolved to a type
	JSONObject cannot be resolved to a type
	JSONObject cannot be resolved to a type
	JSONObject cannot be resolved to a type
	JSONObject cannot be resolved to a type
	Assert cannot be resolved
	Assert cannot be resolved
	JSONObject cannot be resolved to a type
	JSONObject cannot be resolved to a type
	Assert cannot be resolved
">
      <![CDATA[java.lang.Error: Unresolved compilation problems: 
XSSFWorkbook cannot be resolved to a type
XSSFWorkbook cannot be resolved to a type
XSSFSheet cannot be resolved to a type
JSONParser cannot be resolved to a type
JSONParser cannot be resolved to a type
JSONObject cannot be resolved to a type
JSONObject cannot be resolved to a type
JSONObject cannot be resolved to a type
JSONObject cannot be resolved to a type
Assert cannot be resolved
Assert cannot be resolved
JSONObject cannot be resolved to a type
JSONObject cannot be resolved to a type
Assert cannot be resolved

at deapp.commonexcel.AsserKeyValue(commonexcel.java:121)
at deapp.International_DE_App.verify_Finnish_Language(International_DE_App.java:117)
at java.base/java.util.ArrayList.forEach(ArrayList.java:1511)
... Removed 31 stack frames]]>
    </failure>
  </testcase> <!-- verify_Finnish_Language -->
  <testcase classname="deapp.International_DE_App" name="verify_French_Language" time="0.0">
    <failure type="java.lang.Error" message="Unresolved compilation problems: 
	XSSFWorkbook cannot be resolved to a type
	XSSFWorkbook cannot be resolved to a type
	XSSFSheet cannot be resolved to a type
	JSONParser cannot be resolved to a type
	JSONParser cannot be resolved to a type
	JSONObject cannot be resolved to a type
	JSONObject cannot be resolved to a type
	JSONObject cannot be resolved to a type
	JSONObject cannot be resolved to a type
	Assert cannot be resolved
	Assert cannot be resolved
	JSONObject cannot be resolved to a type
	JSONObject cannot be resolved to a type
	Assert cannot be resolved
">
      <![CDATA[java.lang.Error: Unresolved compilation problems: 
XSSFWorkbook cannot be resolved to a type
XSSFWorkbook cannot be resolved to a type
XSSFSheet cannot be resolved to a type
JSONParser cannot be resolved to a type
JSONParser cannot be resolved to a type
JSONObject cannot be resolved to a type
JSONObject cannot be resolved to a type
JSONObject cannot be resolved to a type
JSONObject cannot be resolved to a type
Assert cannot be resolved
Assert cannot be resolved
JSONObject cannot be resolved to a type
JSONObject cannot be resolved to a type
Assert cannot be resolved

at deapp.commonexcel.AsserKeyValue(commonexcel.java:121)
at deapp.International_DE_App.verify_French_Language(International_DE_App.java:133)
at java.base/java.util.ArrayList.forEach(ArrayList.java:1511)
... Removed 31 stack frames]]>
    </failure>
  </testcase> <!-- verify_French_Language -->
  <testcase classname="deapp.International_DE_App" name="verify_Italian_Language" time="0.001">
    <failure type="java.lang.Error" message="Unresolved compilation problems: 
	XSSFWorkbook cannot be resolved to a type
	XSSFWorkbook cannot be resolved to a type
	XSSFSheet cannot be resolved to a type
	JSONParser cannot be resolved to a type
	JSONParser cannot be resolved to a type
	JSONObject cannot be resolved to a type
	JSONObject cannot be resolved to a type
	JSONObject cannot be resolved to a type
	JSONObject cannot be resolved to a type
	Assert cannot be resolved
	Assert cannot be resolved
	JSONObject cannot be resolved to a type
	JSONObject cannot be resolved to a type
	Assert cannot be resolved
">
      <![CDATA[java.lang.Error: Unresolved compilation problems: 
XSSFWorkbook cannot be resolved to a type
XSSFWorkbook cannot be resolved to a type
XSSFSheet cannot be resolved to a type
JSONParser cannot be resolved to a type
JSONParser cannot be resolved to a type
JSONObject cannot be resolved to a type
JSONObject cannot be resolved to a type
JSONObject cannot be resolved to a type
JSONObject cannot be resolved to a type
Assert cannot be resolved
Assert cannot be resolved
JSONObject cannot be resolved to a type
JSONObject cannot be resolved to a type
Assert cannot be resolved

at deapp.commonexcel.AsserKeyValue(commonexcel.java:121)
at deapp.International_DE_App.verify_Italian_Language(International_DE_App.java:152)
at java.base/java.util.ArrayList.forEach(ArrayList.java:1511)
... Removed 31 stack frames]]>
    </failure>
  </testcase> <!-- verify_Italian_Language -->
  <testcase classname="deapp.International_DE_App" name="verify_Norwegian_Language" time="0.0">
    <failure type="java.lang.Error" message="Unresolved compilation problems: 
	XSSFWorkbook cannot be resolved to a type
	XSSFWorkbook cannot be resolved to a type
	XSSFSheet cannot be resolved to a type
	JSONParser cannot be resolved to a type
	JSONParser cannot be resolved to a type
	JSONObject cannot be resolved to a type
	JSONObject cannot be resolved to a type
	JSONObject cannot be resolved to a type
	JSONObject cannot be resolved to a type
	Assert cannot be resolved
	Assert cannot be resolved
	JSONObject cannot be resolved to a type
	JSONObject cannot be resolved to a type
	Assert cannot be resolved
">
      <![CDATA[java.lang.Error: Unresolved compilation problems: 
XSSFWorkbook cannot be resolved to a type
XSSFWorkbook cannot be resolved to a type
XSSFSheet cannot be resolved to a type
JSONParser cannot be resolved to a type
JSONParser cannot be resolved to a type
JSONObject cannot be resolved to a type
JSONObject cannot be resolved to a type
JSONObject cannot be resolved to a type
JSONObject cannot be resolved to a type
Assert cannot be resolved
Assert cannot be resolved
JSONObject cannot be resolved to a type
JSONObject cannot be resolved to a type
Assert cannot be resolved

at deapp.commonexcel.AsserKeyValue(commonexcel.java:121)
at deapp.International_DE_App.verify_Norwegian_Language(International_DE_App.java:167)
at java.base/java.util.ArrayList.forEach(ArrayList.java:1511)
... Removed 31 stack frames]]>
    </failure>
  </testcase> <!-- verify_Norwegian_Language -->
  <testcase classname="deapp.International_DE_App" name="verify_Spanish_Language" time="0.0">
    <failure type="java.lang.Error" message="Unresolved compilation problems: 
	XSSFWorkbook cannot be resolved to a type
	XSSFWorkbook cannot be resolved to a type
	XSSFSheet cannot be resolved to a type
	JSONParser cannot be resolved to a type
	JSONParser cannot be resolved to a type
	JSONObject cannot be resolved to a type
	JSONObject cannot be resolved to a type
	JSONObject cannot be resolved to a type
	JSONObject cannot be resolved to a type
	Assert cannot be resolved
	Assert cannot be resolved
	JSONObject cannot be resolved to a type
	JSONObject cannot be resolved to a type
	Assert cannot be resolved
">
      <![CDATA[java.lang.Error: Unresolved compilation problems: 
XSSFWorkbook cannot be resolved to a type
XSSFWorkbook cannot be resolved to a type
XSSFSheet cannot be resolved to a type
JSONParser cannot be resolved to a type
JSONParser cannot be resolved to a type
JSONObject cannot be resolved to a type
JSONObject cannot be resolved to a type
JSONObject cannot be resolved to a type
JSONObject cannot be resolved to a type
Assert cannot be resolved
Assert cannot be resolved
JSONObject cannot be resolved to a type
JSONObject cannot be resolved to a type
Assert cannot be resolved

at deapp.commonexcel.AsserKeyValue(commonexcel.java:121)
at deapp.International_DE_App.verify_Spanish_Language(International_DE_App.java:184)
at java.base/java.util.ArrayList.forEach(ArrayList.java:1511)
... Removed 31 stack frames]]>
    </failure>
  </testcase> <!-- verify_Spanish_Language -->
  <testcase classname="deapp.International_DE_App" name="verify_swedish_Language" time="0.001">
    <failure type="java.lang.Error" message="Unresolved compilation problems: 
	XSSFWorkbook cannot be resolved to a type
	XSSFWorkbook cannot be resolved to a type
	XSSFSheet cannot be resolved to a type
	JSONParser cannot be resolved to a type
	JSONParser cannot be resolved to a type
	JSONObject cannot be resolved to a type
	JSONObject cannot be resolved to a type
	JSONObject cannot be resolved to a type
	JSONObject cannot be resolved to a type
	Assert cannot be resolved
	Assert cannot be resolved
	JSONObject cannot be resolved to a type
	JSONObject cannot be resolved to a type
	Assert cannot be resolved
">
      <![CDATA[java.lang.Error: Unresolved compilation problems: 
XSSFWorkbook cannot be resolved to a type
XSSFWorkbook cannot be resolved to a type
XSSFSheet cannot be resolved to a type
JSONParser cannot be resolved to a type
JSONParser cannot be resolved to a type
JSONObject cannot be resolved to a type
JSONObject cannot be resolved to a type
JSONObject cannot be resolved to a type
JSONObject cannot be resolved to a type
Assert cannot be resolved
Assert cannot be resolved
JSONObject cannot be resolved to a type
JSONObject cannot be resolved to a type
Assert cannot be resolved

at deapp.commonexcel.AsserKeyValue(commonexcel.java:121)
at deapp.International_DE_App.verify_swedish_Language(International_DE_App.java:201)
at java.base/java.util.ArrayList.forEach(ArrayList.java:1511)
... Removed 31 stack frames]]>
    </failure>
  </testcase> <!-- verify_swedish_Language -->
  <testcase classname="deapp.International_DE_App" name="verify_Eurpoean_Portuguese_Language" time="0.001">
    <failure type="java.lang.Error" message="Unresolved compilation problems: 
	XSSFWorkbook cannot be resolved to a type
	XSSFWorkbook cannot be resolved to a type
	XSSFSheet cannot be resolved to a type
	JSONParser cannot be resolved to a type
	JSONParser cannot be resolved to a type
	JSONObject cannot be resolved to a type
	JSONObject cannot be resolved to a type
	JSONObject cannot be resolved to a type
	JSONObject cannot be resolved to a type
	Assert cannot be resolved
	Assert cannot be resolved
	JSONObject cannot be resolved to a type
	JSONObject cannot be resolved to a type
	Assert cannot be resolved
">
      <![CDATA[java.lang.Error: Unresolved compilation problems: 
XSSFWorkbook cannot be resolved to a type
XSSFWorkbook cannot be resolved to a type
XSSFSheet cannot be resolved to a type
JSONParser cannot be resolved to a type
JSONParser cannot be resolved to a type
JSONObject cannot be resolved to a type
JSONObject cannot be resolved to a type
JSONObject cannot be resolved to a type
JSONObject cannot be resolved to a type
Assert cannot be resolved
Assert cannot be resolved
JSONObject cannot be resolved to a type
JSONObject cannot be resolved to a type
Assert cannot be resolved

at deapp.commonexcel.AsserKeyValue(commonexcel.java:121)
at deapp.International_DE_App.verify_Eurpoean_Portuguese_Language(International_DE_App.java:218)
at java.base/java.util.ArrayList.forEach(ArrayList.java:1511)
... Removed 31 stack frames]]>
    </failure>
  </testcase> <!-- verify_Eurpoean_Portuguese_Language -->
  <testcase classname="deapp.International_DE_App" name="verify_Polish_Language" time="0.001">
    <failure type="java.lang.Error" message="Unresolved compilation problems: 
	XSSFWorkbook cannot be resolved to a type
	XSSFWorkbook cannot be resolved to a type
	XSSFSheet cannot be resolved to a type
	JSONParser cannot be resolved to a type
	JSONParser cannot be resolved to a type
	JSONObject cannot be resolved to a type
	JSONObject cannot be resolved to a type
	JSONObject cannot be resolved to a type
	JSONObject cannot be resolved to a type
	Assert cannot be resolved
	Assert cannot be resolved
	JSONObject cannot be resolved to a type
	JSONObject cannot be resolved to a type
	Assert cannot be resolved
">
      <![CDATA[java.lang.Error: Unresolved compilation problems: 
XSSFWorkbook cannot be resolved to a type
XSSFWorkbook cannot be resolved to a type
XSSFSheet cannot be resolved to a type
JSONParser cannot be resolved to a type
JSONParser cannot be resolved to a type
JSONObject cannot be resolved to a type
JSONObject cannot be resolved to a type
JSONObject cannot be resolved to a type
JSONObject cannot be resolved to a type
Assert cannot be resolved
Assert cannot be resolved
JSONObject cannot be resolved to a type
JSONObject cannot be resolved to a type
Assert cannot be resolved

at deapp.commonexcel.AsserKeyValue(commonexcel.java:121)
at deapp.International_DE_App.verify_Polish_Language(International_DE_App.java:236)
at java.base/java.util.ArrayList.forEach(ArrayList.java:1511)
... Removed 31 stack frames]]>
    </failure>
  </testcase> <!-- verify_Polish_Language -->
  <testcase classname="deapp.International_DE_App" name="verify_Portuguese_Brazil_Language" time="0.001">
    <failure type="java.lang.Error" message="Unresolved compilation problems: 
	XSSFWorkbook cannot be resolved to a type
	XSSFWorkbook cannot be resolved to a type
	XSSFSheet cannot be resolved to a type
	JSONParser cannot be resolved to a type
	JSONParser cannot be resolved to a type
	JSONObject cannot be resolved to a type
	JSONObject cannot be resolved to a type
	JSONObject cannot be resolved to a type
	JSONObject cannot be resolved to a type
	Assert cannot be resolved
	Assert cannot be resolved
	JSONObject cannot be resolved to a type
	JSONObject cannot be resolved to a type
	Assert cannot be resolved
">
      <![CDATA[java.lang.Error: Unresolved compilation problems: 
XSSFWorkbook cannot be resolved to a type
XSSFWorkbook cannot be resolved to a type
XSSFSheet cannot be resolved to a type
JSONParser cannot be resolved to a type
JSONParser cannot be resolved to a type
JSONObject cannot be resolved to a type
JSONObject cannot be resolved to a type
JSONObject cannot be resolved to a type
JSONObject cannot be resolved to a type
Assert cannot be resolved
Assert cannot be resolved
JSONObject cannot be resolved to a type
JSONObject cannot be resolved to a type
Assert cannot be resolved

at deapp.commonexcel.AsserKeyValue(commonexcel.java:121)
at deapp.International_DE_App.verify_Portuguese_Brazil_Language(International_DE_App.java:256)
at java.base/java.util.ArrayList.forEach(ArrayList.java:1511)
... Removed 31 stack frames]]>
    </failure>
  </testcase> <!-- verify_Portuguese_Brazil_Language -->
</testsuite> <!-- International_DE_App -->
