<?xml version="1.0" encoding="UTF-8"?>
<testng-results ignored="0" total="14" passed="14" failed="0" skipped="0">
  <reporter-output>
  </reporter-output>
  <suite started-at="2026-02-01T23:25:11 GMT-05:00" name="Suite" finished-at="2026-02-01T23:25:14 GMT-05:00" duration-ms="3007">
    <groups>
    </groups>
    <test started-at="2026-02-01T23:25:11 GMT-05:00" name="Test" finished-at="2026-02-01T23:25:14 GMT-05:00" duration-ms="3007">
      <class name="Testclass.International_App">
        <test-method is-config="true" signature="extentReportSetUp()[pri:0, instance:Testclass.International_App@1283bb96]" started-at="2026-02-01T23:25:11 GMT-05:00" name="extentReportSetUp" finished-at="2026-02-01T23:25:11 GMT-05:00" duration-ms="156" status="PASS">
          <reporter-output>
          </reporter-output>
        </test-method> <!-- extentReportSetUp -->
        <test-method signature="verify_English_Language()[pri:1, instance:Testclass.International_App@1283bb96]" started-at="2026-02-01T23:25:11 GMT-05:00" name="verify_English_Language" description="Verify Excel with JSON English " finished-at="2026-02-01T23:25:12 GMT-05:00" duration-ms="617" status="PASS">
          <reporter-output>
          </reporter-output>
        </test-method> <!-- verify_English_Language -->
        <test-method is-config="true" signature="PostConditionTestStatus(org.testng.ITestResult)[pri:0, instance:Testclass.International_App@1283bb96]" started-at="2026-02-01T23:25:12 GMT-05:00" name="PostConditionTestStatus" finished-at="2026-02-01T23:25:12 GMT-05:00" duration-ms="237" status="PASS">
          <params>
            <param index="0">
              <value>
                <![CDATA[[TestResult name=verify_English_Language status=SUCCESS method=International_App.verify_English_Language()[pri:1, instance:Testclass.International_App@1283bb96] output={null}]]]>
              </value>
            </param>
          </params>
          <reporter-output>
          </reporter-output>
        </test-method> <!-- PostConditionTestStatus -->
        <test-method signature="verify_Danish_Language()[pri:2, instance:Testclass.International_App@1283bb96]" started-at="2026-02-01T23:25:12 GMT-05:00" name="verify_Danish_Language" description="Verify Excel with JSON Danish " finished-at="2026-02-01T23:25:12 GMT-05:00" duration-ms="233" status="PASS">
          <reporter-output>
          </reporter-output>
        </test-method> <!-- verify_Danish_Language -->
        <test-method is-config="true" signature="PostConditionTestStatus(org.testng.ITestResult)[pri:0, instance:Testclass.International_App@1283bb96]" started-at="2026-02-01T23:25:12 GMT-05:00" name="PostConditionTestStatus" finished-at="2026-02-01T23:25:12 GMT-05:00" duration-ms="10" status="PASS">
          <params>
            <param index="0">
              <value>
                <![CDATA[[TestResult name=verify_Danish_Language status=SUCCESS method=International_App.verify_Danish_Language()[pri:2, instance:Testclass.International_App@1283bb96] output={null}]]]>
              </value>
            </param>
          </params>
          <reporter-output>
          </reporter-output>
        </test-method> <!-- PostConditionTestStatus -->
        <test-method signature="verify_German_Language()[pri:2, instance:Testclass.International_App@1283bb96]" started-at="2026-02-01T23:25:12 GMT-05:00" name="verify_German_Language" description="Verify Excel with JSON German " finished-at="2026-02-01T23:25:12 GMT-05:00" duration-ms="176" status="PASS">
          <reporter-output>
          </reporter-output>
        </test-method> <!-- verify_German_Language -->
        <test-method is-config="true" signature="PostConditionTestStatus(org.testng.ITestResult)[pri:0, instance:Testclass.International_App@1283bb96]" started-at="2026-02-01T23:25:12 GMT-05:00" name="PostConditionTestStatus" finished-at="2026-02-01T23:25:12 GMT-05:00" duration-ms="11" status="PASS">
          <params>
            <param index="0">
              <value>
                <![CDATA[[TestResult name=verify_German_Language status=SUCCESS method=International_App.verify_German_Language()[pri:2, instance:Testclass.International_App@1283bb96] output={null}]]]>
              </value>
            </param>
          </params>
          <reporter-output>
          </reporter-output>
        </test-method> <!-- PostConditionTestStatus -->
        <test-method signature="verify_Dutch_Language()[pri:3, instance:Testclass.International_App@1283bb96]" started-at="2026-02-01T23:25:12 GMT-05:00" name="verify_Dutch_Language" description="Verify Excel with JSON Dutch " finished-at="2026-02-01T23:25:12 GMT-05:00" duration-ms="159" status="PASS">
          <reporter-output>
          </reporter-output>
        </test-method> <!-- verify_Dutch_Language -->
        <test-method is-config="true" signature="PostConditionTestStatus(org.testng.ITestResult)[pri:0, instance:Testclass.International_App@1283bb96]" started-at="2026-02-01T23:25:12 GMT-05:00" name="PostConditionTestStatus" finished-at="2026-02-01T23:25:12 GMT-05:00" duration-ms="12" status="PASS">
          <params>
            <param index="0">
              <value>
                <![CDATA[[TestResult name=verify_Dutch_Language status=SUCCESS method=International_App.verify_Dutch_Language()[pri:3, instance:Testclass.International_App@1283bb96] output={null}]]]>
              </value>
            </param>
          </params>
          <reporter-output>
          </reporter-output>
        </test-method> <!-- PostConditionTestStatus -->
        <test-method signature="verify_Finnish_Language()[pri:4, instance:Testclass.International_App@1283bb96]" started-at="2026-02-01T23:25:12 GMT-05:00" name="verify_Finnish_Language" description="Verify Excel with JSON Finnish " finished-at="2026-02-01T23:25:13 GMT-05:00" duration-ms="139" status="PASS">
          <reporter-output>
          </reporter-output>
        </test-method> <!-- verify_Finnish_Language -->
        <test-method is-config="true" signature="PostConditionTestStatus(org.testng.ITestResult)[pri:0, instance:Testclass.International_App@1283bb96]" started-at="2026-02-01T23:25:13 GMT-05:00" name="PostConditionTestStatus" finished-at="2026-02-01T23:25:13 GMT-05:00" duration-ms="11" status="PASS">
          <params>
            <param index="0">
              <value>
                <![CDATA[[TestResult name=verify_Finnish_Language status=SUCCESS method=International_App.verify_Finnish_Language()[pri:4, instance:Testclass.International_App@1283bb96] output={null}]]]>
              </value>
            </param>
          </params>
          <reporter-output>
          </reporter-output>
        </test-method> <!-- PostConditionTestStatus -->
        <test-method signature="verify_French_Language()[pri:5, instance:Testclass.International_App@1283bb96]" started-at="2026-02-01T23:25:13 GMT-05:00" name="verify_French_Language" description="Verify Excel with JSON French " finished-at="2026-02-01T23:25:13 GMT-05:00" duration-ms="122" status="PASS">
          <reporter-output>
          </reporter-output>
        </test-method> <!-- verify_French_Language -->
        <test-method is-config="true" signature="PostConditionTestStatus(org.testng.ITestResult)[pri:0, instance:Testclass.International_App@1283bb96]" started-at="2026-02-01T23:25:13 GMT-05:00" name="PostConditionTestStatus" finished-at="2026-02-01T23:25:13 GMT-05:00" duration-ms="12" status="PASS">
          <params>
            <param index="0">
              <value>
                <![CDATA[[TestResult name=verify_French_Language status=SUCCESS method=International_App.verify_French_Language()[pri:5, instance:Testclass.International_App@1283bb96] output={null}]]]>
              </value>
            </param>
          </params>
          <reporter-output>
          </reporter-output>
        </test-method> <!-- PostConditionTestStatus -->
        <test-method signature="verify_Italian_Language()[pri:7, instance:Testclass.International_App@1283bb96]" started-at="2026-02-01T23:25:13 GMT-05:00" name="verify_Italian_Language" description="Verify Excel with JSON Italian " finished-at="2026-02-01T23:25:13 GMT-05:00" duration-ms="112" status="PASS">
          <reporter-output>
          </reporter-output>
        </test-method> <!-- verify_Italian_Language -->
        <test-method is-config="true" signature="PostConditionTestStatus(org.testng.ITestResult)[pri:0, instance:Testclass.International_App@1283bb96]" started-at="2026-02-01T23:25:13 GMT-05:00" name="PostConditionTestStatus" finished-at="2026-02-01T23:25:13 GMT-05:00" duration-ms="12" status="PASS">
          <params>
            <param index="0">
              <value>
                <![CDATA[[TestResult name=verify_Italian_Language status=SUCCESS method=International_App.verify_Italian_Language()[pri:7, instance:Testclass.International_App@1283bb96] output={null}]]]>
              </value>
            </param>
          </params>
          <reporter-output>
          </reporter-output>
        </test-method> <!-- PostConditionTestStatus -->
        <test-method signature="verify_Norwegian_Language()[pri:8, instance:Testclass.International_App@1283bb96]" started-at="2026-02-01T23:25:13 GMT-05:00" name="verify_Norwegian_Language" description="Verify Excel with JSON Norwegian" finished-at="2026-02-01T23:25:13 GMT-05:00" duration-ms="105" status="PASS">
          <reporter-output>
          </reporter-output>
        </test-method> <!-- verify_Norwegian_Language -->
        <test-method is-config="true" signature="PostConditionTestStatus(org.testng.ITestResult)[pri:0, instance:Testclass.International_App@1283bb96]" started-at="2026-02-01T23:25:13 GMT-05:00" name="PostConditionTestStatus" finished-at="2026-02-01T23:25:13 GMT-05:00" duration-ms="10" status="PASS">
          <params>
            <param index="0">
              <value>
                <![CDATA[[TestResult name=verify_Norwegian_Language status=SUCCESS method=International_App.verify_Norwegian_Language()[pri:8, instance:Testclass.International_App@1283bb96] output={null}]]]>
              </value>
            </param>
          </params>
          <reporter-output>
          </reporter-output>
        </test-method> <!-- PostConditionTestStatus -->
        <test-method signature="verify_Spanish_Language()[pri:9, instance:Testclass.International_App@1283bb96]" started-at="2026-02-01T23:25:13 GMT-05:00" name="verify_Spanish_Language" description="Verify Excel with JSON Spanish " finished-at="2026-02-01T23:25:13 GMT-05:00" duration-ms="104" status="PASS">
          <reporter-output>
          </reporter-output>
        </test-method> <!-- verify_Spanish_Language -->
        <test-method is-config="true" signature="PostConditionTestStatus(org.testng.ITestResult)[pri:0, instance:Testclass.International_App@1283bb96]" started-at="2026-02-01T23:25:13 GMT-05:00" name="PostConditionTestStatus" finished-at="2026-02-01T23:25:13 GMT-05:00" duration-ms="10" status="PASS">
          <params>
            <param index="0">
              <value>
                <![CDATA[[TestResult name=verify_Spanish_Language status=SUCCESS method=International_App.verify_Spanish_Language()[pri:9, instance:Testclass.International_App@1283bb96] output={null}]]]>
              </value>
            </param>
          </params>
          <reporter-output>
          </reporter-output>
        </test-method> <!-- PostConditionTestStatus -->
        <test-method signature="verify_swedish_Language()[pri:10, instance:Testclass.International_App@1283bb96]" started-at="2026-02-01T23:25:13 GMT-05:00" name="verify_swedish_Language" description="Verify Excel with JSN swedish " finished-at="2026-02-01T23:25:13 GMT-05:00" duration-ms="101" status="PASS">
          <reporter-output>
          </reporter-output>
        </test-method> <!-- verify_swedish_Language -->
        <test-method is-config="true" signature="PostConditionTestStatus(org.testng.ITestResult)[pri:0, instance:Testclass.International_App@1283bb96]" started-at="2026-02-01T23:25:13 GMT-05:00" name="PostConditionTestStatus" finished-at="2026-02-01T23:25:13 GMT-05:00" duration-ms="11" status="PASS">
          <params>
            <param index="0">
              <value>
                <![CDATA[[TestResult name=verify_swedish_Language status=SUCCESS method=International_App.verify_swedish_Language()[pri:10, instance:Testclass.International_App@1283bb96] output={null}]]]>
              </value>
            </param>
          </params>
          <reporter-output>
          </reporter-output>
        </test-method> <!-- PostConditionTestStatus -->
        <test-method signature="verify_Eurpoean_Portuguese_Language()[pri:11, instance:Testclass.International_App@1283bb96]" started-at="2026-02-01T23:25:13 GMT-05:00" name="verify_Eurpoean_Portuguese_Language" description="Verify Excel with JSON Eurpoean_Portuguese " finished-at="2026-02-01T23:25:13 GMT-05:00" duration-ms="95" status="PASS">
          <reporter-output>
          </reporter-output>
        </test-method> <!-- verify_Eurpoean_Portuguese_Language -->
        <test-method is-config="true" signature="PostConditionTestStatus(org.testng.ITestResult)[pri:0, instance:Testclass.International_App@1283bb96]" started-at="2026-02-01T23:25:13 GMT-05:00" name="PostConditionTestStatus" finished-at="2026-02-01T23:25:13 GMT-05:00" duration-ms="11" status="PASS">
          <params>
            <param index="0">
              <value>
                <![CDATA[[TestResult name=verify_Eurpoean_Portuguese_Language status=SUCCESS method=International_App.verify_Eurpoean_Portuguese_Language()[pri:11, instance:Testclass.International_App@1283bb96] output={null}]]]>
              </value>
            </param>
          </params>
          <reporter-output>
          </reporter-output>
        </test-method> <!-- PostConditionTestStatus -->
        <test-method signature="verify_Polish_Language()[pri:12, instance:Testclass.International_App@1283bb96]" started-at="2026-02-01T23:25:13 GMT-05:00" name="verify_Polish_Language" description="Verify Excel with JSON Polish" finished-at="2026-02-01T23:25:13 GMT-05:00" duration-ms="88" status="PASS">
          <reporter-output>
          </reporter-output>
        </test-method> <!-- verify_Polish_Language -->
        <test-method is-config="true" signature="PostConditionTestStatus(org.testng.ITestResult)[pri:0, instance:Testclass.International_App@1283bb96]" started-at="2026-02-01T23:25:13 GMT-05:00" name="PostConditionTestStatus" finished-at="2026-02-01T23:25:13 GMT-05:00" duration-ms="11" status="PASS">
          <params>
            <param index="0">
              <value>
                <![CDATA[[TestResult name=verify_Polish_Language status=SUCCESS method=International_App.verify_Polish_Language()[pri:12, instance:Testclass.International_App@1283bb96] output={null}]]]>
              </value>
            </param>
          </params>
          <reporter-output>
          </reporter-output>
        </test-method> <!-- PostConditionTestStatus -->
        <test-method signature="verify_Portuguese_Brazil_Language()[pri:13, instance:Testclass.International_App@1283bb96]" started-at="2026-02-01T23:25:13 GMT-05:00" name="verify_Portuguese_Brazil_Language" description="Verify Excel with JSON Brazil" finished-at="2026-02-01T23:25:14 GMT-05:00" duration-ms="94" status="PASS">
          <reporter-output>
          </reporter-output>
        </test-method> <!-- verify_Portuguese_Brazil_Language -->
        <test-method is-config="true" signature="PostConditionTestStatus(org.testng.ITestResult)[pri:0, instance:Testclass.International_App@1283bb96]" started-at="2026-02-01T23:25:14 GMT-05:00" name="PostConditionTestStatus" finished-at="2026-02-01T23:25:14 GMT-05:00" duration-ms="11" status="PASS">
          <params>
            <param index="0">
              <value>
                <![CDATA[[TestResult name=verify_Portuguese_Brazil_Language status=SUCCESS method=International_App.verify_Portuguese_Brazil_Language()[pri:13, instance:Testclass.International_App@1283bb96] output={null}]]]>
              </value>
            </param>
          </params>
          <reporter-output>
          </reporter-output>
        </test-method> <!-- PostConditionTestStatus -->
        <test-method is-config="true" signature="addToReport()[pri:0, instance:Testclass.International_App@1283bb96]" started-at="2026-02-01T23:25:14 GMT-05:00" name="addToReport" finished-at="2026-02-01T23:25:14 GMT-05:00" duration-ms="10" status="PASS">
          <reporter-output>
          </reporter-output>
        </test-method> <!-- addToReport -->
      </class> <!-- Testclass.International_App -->
      <class name="Testclass.APP_HighestStringLength">
        <test-method signature="Get_HighestLength_String_of_Particular_LanguageKey()[pri:1, instance:Testclass.APP_HighestStringLength@38d8f54a]" started-at="2026-02-01T23:25:14 GMT-05:00" name="Get_HighestLength_String_of_Particular_LanguageKey" description="Verify  which language key is having highest number of characters" finished-at="2026-02-01T23:25:14 GMT-05:00" duration-ms="431" status="PASS">
          <reporter-output>
          </reporter-output>
        </test-method> <!-- Get_HighestLength_String_of_Particular_LanguageKey -->
        <test-method is-config="true" signature="PostConditionTestStatus(org.testng.ITestResult)[pri:0, instance:Testclass.APP_HighestStringLength@38d8f54a]" started-at="2026-02-01T23:25:14 GMT-05:00" name="PostConditionTestStatus" finished-at="2026-02-01T23:25:14 GMT-05:00" duration-ms="10" status="PASS">
          <params>
            <param index="0">
              <value>
                <![CDATA[[TestResult name=Get_HighestLength_String_of_Particular_LanguageKey status=SUCCESS method=APP_HighestStringLength.Get_HighestLength_String_of_Particular_LanguageKey()[pri:1, instance:Testclass.APP_HighestStringLength@38d8f54a] output={null}]]]>
              </value>
            </param>
          </params>
          <reporter-output>
          </reporter-output>
        </test-method> <!-- PostConditionTestStatus -->
        <test-method is-config="true" signature="addToReport()[pri:0, instance:Testclass.APP_HighestStringLength@38d8f54a]" started-at="2026-02-01T23:25:14 GMT-05:00" name="addToReport" finished-at="2026-02-01T23:25:14 GMT-05:00" duration-ms="10" status="PASS">
          <reporter-output>
          </reporter-output>
        </test-method> <!-- addToReport -->
      </class> <!-- Testclass.APP_HighestStringLength -->
    </test> <!-- Test -->
  </suite> <!-- Suite -->
</testng-results>
