<?xml version="1.0" encoding="UTF-8"?>
<testsuite xmlns:xsi="http://www.w3.org/2001/XMLSchema-instance" xsi:noNamespaceSchemaLocation="https://maven.apache.org/surefire/maven-surefire-plugin/xsd/surefire-test-report-3.0.xsd" version="3.0" name="TestSuite" time="3.562" tests="14" errors="0" skipped="0" failures="0">
  <properties>
[...]
</properties>
  <testcase name="verify_English_Language" classname="Testclass.International_App" time="0.618">
    <system-out><![CDATA[size6
]]></system-out>
    <system-err><![CDATA[SLF4J: Failed to load class "org.slf4j.impl.StaticLoggerBinder".
SLF4J: Defaulting to no-operation (NOP) logger implementation
SLF4J: See http://www.slf4j.org/codes.html#StaticLoggerBinder for further details.
]]></system-err>
  </testcase>
  <testcase name="verify_Danish_Language" classname="Testclass.International_App" time="0.234">
    <system-out><![CDATA[size6
]]></system-out>
    <system-err><![CDATA[log4j:WARN No appenders could be found for logger (freemarker.cache).
log4j:WARN Please initialize the log4j system properly.
]]></system-err>
  </testcase>
  <testcase name="verify_German_Language" classname="Testclass.International_App" time="0.177">
    <system-out><![CDATA[size6
]]></system-out>
  </testcase>
  <testcase name="verify_Dutch_Language" classname="Testclass.International_App" time="0.16">
    <system-out><![CDATA[size6
]]></system-out>
  </testcase>
  <testcase name="verify_Finnish_Language" classname="Testclass.International_App" time="0.14">
    <system-out><![CDATA[size6
]]></system-out>
  </testcase>
  <testcase name="verify_French_Language" classname="Testclass.International_App" time="0.123">
    <system-out><![CDATA[size6
]]></system-out>
  </testcase>
  <testcase name="verify_Italian_Language" classname="Testclass.International_App" time="0.112">
    <system-out><![CDATA[size6
]]></system-out>
  </testcase>
  <testcase name="verify_Norwegian_Language" classname="Testclass.International_App" time="0.104">
    <system-out><![CDATA[size6
]]></system-out>
  </testcase>
  <testcase name="verify_Spanish_Language" classname="Testclass.International_App" time="0.104">
    <system-out><![CDATA[size6
]]></system-out>
  </testcase>
  <testcase name="verify_swedish_Language" classname="Testclass.International_App" time="0.102">
    <system-out><![CDATA[size6
]]></system-out>
  </testcase>
  <testcase name="verify_Eurpoean_Portuguese_Language" classname="Testclass.International_App" time="0.096">
    <system-out><![CDATA[size6
]]></system-out>
  </testcase>
  <testcase name="verify_Polish_Language" classname="Testclass.International_App" time="0.088">
    <system-out><![CDATA[size6
]]></system-out>
  </testcase>
  <testcase name="verify_Portuguese_Brazil_Language" classname="Testclass.International_App" time="0.095">
    <system-out><![CDATA[size6
]]></system-out>
  </testcase>
  <testcase name="Get_HighestLength_String_of_Particular_LanguageKey" classname="Testclass.APP_HighestStringLength" time="0.431"/>
</testsuite>