<?xml version="1.0" encoding="UTF-8"?>
<testsuite xmlns:xsi="http://www.w3.org/2001/XMLSchema-instance" xsi:noNamespaceSchemaLocation="https://maven.apache.org/surefire/maven-surefire-plugin/xsd/surefire-test-report-3.0.xsd" version="3.0" name="TestSuite" time="1.192" tests="13" errors="0" skipped="0" failures="13">
  <properties>
[...]
</properties>
  <testcase name="verify_English_Language" classname="deapp.International_DE_App" time="0.012">
    <failure message="Unresolved compilation problems: &#10;	XSSFWorkbook cannot be resolved to a type&#10;	XSSFWorkbook cannot be resolved to a type&#10;	XSSFSheet cannot be resolved to a type&#10;	JSONParser cannot be resolved to a type&#10;	JSONParser cannot be resolved to a type&#10;	JSONObject cannot be resolved to a type&#10;	JSONObject cannot be resolved to a type&#10;	JSONObject cannot be resolved to a type&#10;	JSONObject cannot be resolved to a type&#10;	Assert cannot be resolved&#10;	Assert cannot be resolved&#10;	JSONObject cannot be resolved to a type&#10;	JSONObject cannot be resolved to a type&#10;	Assert cannot be resolved&#10;" type="java.lang.Error"><![CDATA[java.lang.Error: 
Unresolved compilation problems: 
	XSSFWorkbook cannot be resolved to a type
	XSSFWorkbook cannot be resolved to a type
	XSSFSheet cannot be resolved to a type
	JSONParser cannot be resolved to a type
	JSONParser cannot be resolved to a type
	JSONObject cannot be resolved to a type
	JSONObject cannot be resolved to a type
	JSONObject cannot be resolved to a type
	JSONObject cannot be resolved to a type
	Assert cannot be resolved
	Assert cannot be resolved
	JSONObject cannot be resolved to a type
	JSONObject cannot be resolved to a type
	Assert cannot be resolved

	at deapp.International_DE_App.verify_English_Language(International_DE_App.java:53)
]]></failure>
  </testcase>
  <testcase name="verify_Danish_Language" classname="deapp.International_DE_App" time="0.002">
    <failure message="Unresolved compilation problems: &#10;	XSSFWorkbook cannot be resolved to a type&#10;	XSSFWorkbook cannot be resolved to a type&#10;	XSSFSheet cannot be resolved to a type&#10;	JSONParser cannot be resolved to a type&#10;	JSONParser cannot be resolved to a type&#10;	JSONObject cannot be resolved to a type&#10;	JSONObject cannot be resolved to a type&#10;	JSONObject cannot be resolved to a type&#10;	JSONObject cannot be resolved to a type&#10;	Assert cannot be resolved&#10;	Assert cannot be resolved&#10;	JSONObject cannot be resolved to a type&#10;	JSONObject cannot be resolved to a type&#10;	Assert cannot be resolved&#10;" type="java.lang.Error"><![CDATA[java.lang.Error: 
Unresolved compilation problems: 
	XSSFWorkbook cannot be resolved to a type
	XSSFWorkbook cannot be resolved to a type
	XSSFSheet cannot be resolved to a type
	JSONParser cannot be resolved to a type
	JSONParser cannot be resolved to a type
	JSONObject cannot be resolved to a type
	JSONObject cannot be resolved to a type
	JSONObject cannot be resolved to a type
	JSONObject cannot be resolved to a type
	Assert cannot be resolved
	Assert cannot be resolved
	JSONObject cannot be resolved to a type
	JSONObject cannot be resolved to a type
	Assert cannot be resolved

	at deapp.International_DE_App.verify_Danish_Language(International_DE_App.java:86)
]]></failure>
  </testcase>
  <testcase name="verify_German_Language" classname="deapp.International_DE_App" time="0.001">
    <failure message="Unresolved compilation problems: &#10;	XSSFWorkbook cannot be resolved to a type&#10;	XSSFWorkbook cannot be resolved to a type&#10;	XSSFSheet cannot be resolved to a type&#10;	JSONParser cannot be resolved to a type&#10;	JSONParser cannot be resolved to a type&#10;	JSONObject cannot be resolved to a type&#10;	JSONObject cannot be resolved to a type&#10;	JSONObject cannot be resolved to a type&#10;	JSONObject cannot be resolved to a type&#10;	Assert cannot be resolved&#10;	Assert cannot be resolved&#10;	JSONObject cannot be resolved to a type&#10;	JSONObject cannot be resolved to a type&#10;	Assert cannot be resolved&#10;" type="java.lang.Error"><![CDATA[java.lang.Error: 
Unresolved compilation problems: 
	XSSFWorkbook cannot be resolved to a type
	XSSFWorkbook cannot be resolved to a type
	XSSFSheet cannot be resolved to a type
	JSONParser cannot be resolved to a type
	JSONParser cannot be resolved to a type
	JSONObject cannot be resolved to a type
	JSONObject cannot be resolved to a type
	JSONObject cannot be resolved to a type
	JSONObject cannot be resolved to a type
	Assert cannot be resolved
	Assert cannot be resolved
	JSONObject cannot be resolved to a type
	JSONObject cannot be resolved to a type
	Assert cannot be resolved

	at deapp.International_DE_App.verify_German_Language(International_DE_App.java:69)
]]></failure>
  </testcase>
  <testcase name="verify_Dutch_Language" classname="deapp.International_DE_App" time="0.002">
    <failure message="Unresolved compilation problems: &#10;	XSSFWorkbook cannot be resolved to a type&#10;	XSSFWorkbook cannot be resolved to a type&#10;	XSSFSheet cannot be resolved to a type&#10;	JSONParser cannot be resolved to a type&#10;	JSONParser cannot be resolved to a type&#10;	JSONObject cannot be resolved to a type&#10;	JSONObject cannot be resolved to a type&#10;	JSONObject cannot be resolved to a type&#10;	JSONObject cannot be resolved to a type&#10;	Assert cannot be resolved&#10;	Assert cannot be resolved&#10;	JSONObject cannot be resolved to a type&#10;	JSONObject cannot be resolved to a type&#10;	Assert cannot be resolved&#10;" type="java.lang.Error"><![CDATA[java.lang.Error: 
Unresolved compilation problems: 
	XSSFWorkbook cannot be resolved to a type
	XSSFWorkbook cannot be resolved to a type
	XSSFSheet cannot be resolved to a type
	JSONParser cannot be resolved to a type
	JSONParser cannot be resolved to a type
	JSONObject cannot be resolved to a type
	JSONObject cannot be resolved to a type
	JSONObject cannot be resolved to a type
	JSONObject cannot be resolved to a type
	Assert cannot be resolved
	Assert cannot be resolved
	JSONObject cannot be resolved to a type
	JSONObject cannot be resolved to a type
	Assert cannot be resolved

	at deapp.International_DE_App.verify_Dutch_Language(International_DE_App.java:101)
]]></failure>
  </testcase>
  <testcase name="verify_Finnish_Language" classname="deapp.International_DE_App" time="0">
    <failure message="Unresolved compilation problems: &#10;	XSSFWorkbook cannot be resolved to a type&#10;	XSSFWorkbook cannot be resolved to a type&#10;	XSSFSheet cannot be resolved to a type&#10;	JSONParser cannot be resolved to a type&#10;	JSONParser cannot be resolved to a type&#10;	JSONObject cannot be resolved to a type&#10;	JSONObject cannot be resolved to a type&#10;	JSONObject cannot be resolved to a type&#10;	JSONObject cannot be resolved to a type&#10;	Assert cannot be resolved&#10;	Assert cannot be resolved&#10;	JSONObject cannot be resolved to a type&#10;	JSONObject cannot be resolved to a type&#10;	Assert cannot be resolved&#10;" type="java.lang.Error"><![CDATA[java.lang.Error: 
Unresolved compilation problems: 
	XSSFWorkbook cannot be resolved to a type
	XSSFWorkbook cannot be resolved to a type
	XSSFSheet cannot be resolved to a type
	JSONParser cannot be resolved to a type
	JSONParser cannot be resolved to a type
	JSONObject cannot be resolved to a type
	JSONObject cannot be resolved to a type
	JSONObject cannot be resolved to a type
	JSONObject cannot be resolved to a type
	Assert cannot be resolved
	Assert cannot be resolved
	JSONObject cannot be resolved to a type
	JSONObject cannot be resolved to a type
	Assert cannot be resolved

	at deapp.International_DE_App.verify_Finnish_Language(International_DE_App.java:117)
]]></failure>
  </testcase>
  <testcase name="verify_French_Language" classname="deapp.International_DE_App" time="0.002">
    <failure message="Unresolved compilation problems: &#10;	XSSFWorkbook cannot be resolved to a type&#10;	XSSFWorkbook cannot be resolved to a type&#10;	XSSFSheet cannot be resolved to a type&#10;	JSONParser cannot be resolved to a type&#10;	JSONParser cannot be resolved to a type&#10;	JSONObject cannot be resolved to a type&#10;	JSONObject cannot be resolved to a type&#10;	JSONObject cannot be resolved to a type&#10;	JSONObject cannot be resolved to a type&#10;	Assert cannot be resolved&#10;	Assert cannot be resolved&#10;	JSONObject cannot be resolved to a type&#10;	JSONObject cannot be resolved to a type&#10;	Assert cannot be resolved&#10;" type="java.lang.Error"><![CDATA[java.lang.Error: 
Unresolved compilation problems: 
	XSSFWorkbook cannot be resolved to a type
	XSSFWorkbook cannot be resolved to a type
	XSSFSheet cannot be resolved to a type
	JSONParser cannot be resolved to a type
	JSONParser cannot be resolved to a type
	JSONObject cannot be resolved to a type
	JSONObject cannot be resolved to a type
	JSONObject cannot be resolved to a type
	JSONObject cannot be resolved to a type
	Assert cannot be resolved
	Assert cannot be resolved
	JSONObject cannot be resolved to a type
	JSONObject cannot be resolved to a type
	Assert cannot be resolved

	at deapp.International_DE_App.verify_French_Language(International_DE_App.java:133)
]]></failure>
  </testcase>
  <testcase name="verify_Italian_Language" classname="deapp.International_DE_App" time="0.001">
    <failure message="Unresolved compilation problems: &#10;	XSSFWorkbook cannot be resolved to a type&#10;	XSSFWorkbook cannot be resolved to a type&#10;	XSSFSheet cannot be resolved to a type&#10;	JSONParser cannot be resolved to a type&#10;	JSONParser cannot be resolved to a type&#10;	JSONObject cannot be resolved to a type&#10;	JSONObject cannot be resolved to a type&#10;	JSONObject cannot be resolved to a type&#10;	JSONObject cannot be resolved to a type&#10;	Assert cannot be resolved&#10;	Assert cannot be resolved&#10;	JSONObject cannot be resolved to a type&#10;	JSONObject cannot be resolved to a type&#10;	Assert cannot be resolved&#10;" type="java.lang.Error"><![CDATA[java.lang.Error: 
Unresolved compilation problems: 
	XSSFWorkbook cannot be resolved to a type
	XSSFWorkbook cannot be resolved to a type
	XSSFSheet cannot be resolved to a type
	JSONParser cannot be resolved to a type
	JSONParser cannot be resolved to a type
	JSONObject cannot be resolved to a type
	JSONObject cannot be resolved to a type
	JSONObject cannot be resolved to a type
	JSONObject cannot be resolved to a type
	Assert cannot be resolved
	Assert cannot be resolved
	JSONObject cannot be resolved to a type
	JSONObject cannot be resolved to a type
	Assert cannot be resolved

	at deapp.International_DE_App.verify_Italian_Language(International_DE_App.java:152)
]]></failure>
  </testcase>
  <testcase name="verify_Norwegian_Language" classname="deapp.International_DE_App" time="0.001">
    <failure message="Unresolved compilation problems: &#10;	XSSFWorkbook cannot be resolved to a type&#10;	XSSFWorkbook cannot be resolved to a type&#10;	XSSFSheet cannot be resolved to a type&#10;	JSONParser cannot be resolved to a type&#10;	JSONParser cannot be resolved to a type&#10;	JSONObject cannot be resolved to a type&#10;	JSONObject cannot be resolved to a type&#10;	JSONObject cannot be resolved to a type&#10;	JSONObject cannot be resolved to a type&#10;	Assert cannot be resolved&#10;	Assert cannot be resolved&#10;	JSONObject cannot be resolved to a type&#10;	JSONObject cannot be resolved to a type&#10;	Assert cannot be resolved&#10;" type="java.lang.Error"><![CDATA[java.lang.Error: 
Unresolved compilation problems: 
	XSSFWorkbook cannot be resolved to a type
	XSSFWorkbook cannot be resolved to a type
	XSSFSheet cannot be resolved to a type
	JSONParser cannot be resolved to a type
	JSONParser cannot be resolved to a type
	JSONObject cannot be resolved to a type
	JSONObject cannot be resolved to a type
	JSONObject cannot be resolved to a type
	JSONObject cannot be resolved to a type
	Assert cannot be resolved
	Assert cannot be resolved
	JSONObject cannot be resolved to a type
	JSONObject cannot be resolved to a type
	Assert cannot be resolved

	at deapp.International_DE_App.verify_Norwegian_Language(International_DE_App.java:167)
]]></failure>
  </testcase>
  <testcase name="verify_Spanish_Language" classname="deapp.International_DE_App" time="0.001">
    <failure message="Unresolved compilation problems: &#10;	XSSFWorkbook cannot be resolved to a type&#10;	XSSFWorkbook cannot be resolved to a type&#10;	XSSFSheet cannot be resolved to a type&#10;	JSONParser cannot be resolved to a type&#10;	JSONParser cannot be resolved to a type&#10;	JSONObject cannot be resolved to a type&#10;	JSONObject cannot be resolved to a type&#10;	JSONObject cannot be resolved to a type&#10;	JSONObject cannot be resolved to a type&#10;	Assert cannot be resolved&#10;	Assert cannot be resolved&#10;	JSONObject cannot be resolved to a type&#10;	JSONObject cannot be resolved to a type&#10;	Assert cannot be resolved&#10;" type="java.lang.Error"><![CDATA[java.lang.Error: 
Unresolved compilation problems: 
	XSSFWorkbook cannot be resolved to a type
	XSSFWorkbook cannot be resolved to a type
	XSSFSheet cannot be resolved to a type
	JSONParser cannot be resolved to a type
	JSONParser cannot be resolved to a type
	JSONObject cannot be resolved to a type
	JSONObject cannot be resolved to a type
	JSONObject cannot be resolved to a type
	JSONObject cannot be resolved to a type
	Assert cannot be resolved
	Assert cannot be resolved
	JSONObject cannot be resolved to a type
	JSONObject cannot be resolved to a type
	Assert cannot be resolved

	at deapp.International_DE_App.verify_Spanish_Language(International_DE_App.java:184)
]]></failure>
  </testcase>
  <testcase name="verify_swedish_Language" classname="deapp.International_DE_App" time="0">
    <failure message="Unresolved compilation problems: &#10;	XSSFWorkbook cannot be resolved to a type&#10;	XSSFWorkbook cannot be resolved to a type&#10;	XSSFSheet cannot be resolved to a type&#10;	JSONParser cannot be resolved to a type&#10;	JSONParser cannot be resolved to a type&#10;	JSONObject cannot be resolved to a type&#10;	JSONObject cannot be resolved to a type&#10;	JSONObject cannot be resolved to a type&#10;	JSONObject cannot be resolved to a type&#10;	Assert cannot be resolved&#10;	Assert cannot be resolved&#10;	JSONObject cannot be resolved to a type&#10;	JSONObject cannot be resolved to a type&#10;	Assert cannot be resolved&#10;" type="java.lang.Error"><![CDATA[java.lang.Error: 
Unresolved compilation problems: 
	XSSFWorkbook cannot be resolved to a type
	XSSFWorkbook cannot be resolved to a type
	XSSFSheet cannot be resolved to a type
	JSONParser cannot be resolved to a type
	JSONParser cannot be resolved to a type
	JSONObject cannot be resolved to a type
	JSONObject cannot be resolved to a type
	JSONObject cannot be resolved to a type
	JSONObject cannot be resolved to a type
	Assert cannot be resolved
	Assert cannot be resolved
	JSONObject cannot be resolved to a type
	JSONObject cannot be resolved to a type
	Assert cannot be resolved

	at deapp.International_DE_App.verify_swedish_Language(International_DE_App.java:201)
]]></failure>
  </testcase>
  <testcase name="verify_Eurpoean_Portuguese_Language" classname="deapp.International_DE_App" time="0.001">
    <failure message="Unresolved compilation problems: &#10;	XSSFWorkbook cannot be resolved to a type&#10;	XSSFWorkbook cannot be resolved to a type&#10;	XSSFSheet cannot be resolved to a type&#10;	JSONParser cannot be resolved to a type&#10;	JSONParser cannot be resolved to a type&#10;	JSONObject cannot be resolved to a type&#10;	JSONObject cannot be resolved to a type&#10;	JSONObject cannot be resolved to a type&#10;	JSONObject cannot be resolved to a type&#10;	Assert cannot be resolved&#10;	Assert cannot be resolved&#10;	JSONObject cannot be resolved to a type&#10;	JSONObject cannot be resolved to a type&#10;	Assert cannot be resolved&#10;" type="java.lang.Error"><![CDATA[java.lang.Error: 
Unresolved compilation problems: 
	XSSFWorkbook cannot be resolved to a type
	XSSFWorkbook cannot be resolved to a type
	XSSFSheet cannot be resolved to a type
	JSONParser cannot be resolved to a type
	JSONParser cannot be resolved to a type
	JSONObject cannot be resolved to a type
	JSONObject cannot be resolved to a type
	JSONObject cannot be resolved to a type
	JSONObject cannot be resolved to a type
	Assert cannot be resolved
	Assert cannot be resolved
	JSONObject cannot be resolved to a type
	JSONObject cannot be resolved to a type
	Assert cannot be resolved

	at deapp.International_DE_App.verify_Eurpoean_Portuguese_Language(International_DE_App.java:218)
]]></failure>
  </testcase>
  <testcase name="verify_Polish_Language" classname="deapp.International_DE_App" time="0.001">
    <failure message="Unresolved compilation problems: &#10;	XSSFWorkbook cannot be resolved to a type&#10;	XSSFWorkbook cannot be resolved to a type&#10;	XSSFSheet cannot be resolved to a type&#10;	JSONParser cannot be resolved to a type&#10;	JSONParser cannot be resolved to a type&#10;	JSONObject cannot be resolved to a type&#10;	JSONObject cannot be resolved to a type&#10;	JSONObject cannot be resolved to a type&#10;	JSONObject cannot be resolved to a type&#10;	Assert cannot be resolved&#10;	Assert cannot be resolved&#10;	JSONObject cannot be resolved to a type&#10;	JSONObject cannot be resolved to a type&#10;	Assert cannot be resolved&#10;" type="java.lang.Error"><![CDATA[java.lang.Error: 
Unresolved compilation problems: 
	XSSFWorkbook cannot be resolved to a type
	XSSFWorkbook cannot be resolved to a type
	XSSFSheet cannot be resolved to a type
	JSONParser cannot be resolved to a type
	JSONParser cannot be resolved to a type
	JSONObject cannot be resolved to a type
	JSONObject cannot be resolved to a type
	JSONObject cannot be resolved to a type
	JSONObject cannot be resolved to a type
	Assert cannot be resolved
	Assert cannot be resolved
	JSONObject cannot be resolved to a type
	JSONObject cannot be resolved to a type
	Assert cannot be resolved

	at deapp.International_DE_App.verify_Polish_Language(International_DE_App.java:236)
]]></failure>
  </testcase>
  <testcase name="verify_Portuguese_Brazil_Language" classname="deapp.International_DE_App" time="0">
    <failure message="Unresolved compilation problems: &#10;	XSSFWorkbook cannot be resolved to a type&#10;	XSSFWorkbook cannot be resolved to a type&#10;	XSSFSheet cannot be resolved to a type&#10;	JSONParser cannot be resolved to a type&#10;	JSONParser cannot be resolved to a type&#10;	JSONObject cannot be resolved to a type&#10;	JSONObject cannot be resolved to a type&#10;	JSONObject cannot be resolved to a type&#10;	JSONObject cannot be resolved to a type&#10;	Assert cannot be resolved&#10;	Assert cannot be resolved&#10;	JSONObject cannot be resolved to a type&#10;	JSONObject cannot be resolved to a type&#10;	Assert cannot be resolved&#10;" type="java.lang.Error"><![CDATA[java.lang.Error: 
Unresolved compilation problems: 
	XSSFWorkbook cannot be resolved to a type
	XSSFWorkbook cannot be resolved to a type
	XSSFSheet cannot be resolved to a type
	JSONParser cannot be resolved to a type
	JSONParser cannot be resolved to a type
	JSONObject cannot be resolved to a type
	JSONObject cannot be resolved to a type
	JSONObject cannot be resolved to a type
	JSONObject cannot be resolved to a type
	Assert cannot be resolved
	Assert cannot be resolved
	JSONObject cannot be resolved to a type
	JSONObject cannot be resolved to a type
	Assert cannot be resolved

	at deapp.International_DE_App.verify_Portuguese_Brazil_Language(International_DE_App.java:256)
]]></failure>
  </testcase>
</testsuite>