<?xml version="1.0" encoding="UTF-8"?>
<testng-results ignored="0" total="13" passed="13" failed="0" skipped="0">
  <reporter-output>
  </reporter-output>
  <suite started-at="2025-03-17T13:53:36 GMT-04:00" name="Suite" finished-at="2025-03-17T14:47:29 GMT-04:00" duration-ms="3233427">
    <groups>
    </groups>
    <test started-at="2025-03-17T13:53:36 GMT-04:00" name="International_DE_App" finished-at="2025-03-17T14:47:29 GMT-04:00" duration-ms="3233427">
      <class name="deapp.International_DE_App">
        <test-method is-config="true" signature="extentReportSetUp()[pri:0, instance:deapp.International_DE_App@2d3379b4]" started-at="2025-03-17T13:53:35 GMT-04:00" name="extentReportSetUp" finished-at="2025-03-17T13:53:36 GMT-04:00" duration-ms="612" status="PASS">
          <reporter-output>
          </reporter-output>
        </test-method> <!-- extentReportSetUp -->
        <test-method signature="verify_English_Language()[pri:1, instance:deapp.International_DE_App@2d3379b4]" started-at="2025-03-17T13:53:36 GMT-04:00" name="verify_English_Language" description="Verify Excel with JSON English " finished-at="2025-03-17T13:55:30 GMT-04:00" duration-ms="114436" status="PASS">
          <reporter-output>
          </reporter-output>
        </test-method> <!-- verify_English_Language -->
        <test-method is-config="true" signature="PostConditionTestStatus(org.testng.ITestResult)[pri:0, instance:deapp.International_DE_App@2d3379b4]" started-at="2025-03-17T13:55:30 GMT-04:00" name="PostConditionTestStatus" finished-at="2025-03-17T13:55:31 GMT-04:00" duration-ms="995" status="PASS">
          <params>
            <param index="0">
              <value>
                <![CDATA[[TestResult name=verify_English_Language status=SUCCESS method=International_DE_App.verify_English_Language()[pri:1, instance:deapp.International_DE_App@2d3379b4] output={null}]]]>
              </value>
            </param>
          </params>
          <reporter-output>
          </reporter-output>
        </test-method> <!-- PostConditionTestStatus -->
        <test-method signature="verify_Danish_Language()[pri:2, instance:deapp.International_DE_App@2d3379b4]" started-at="2025-03-17T13:55:31 GMT-04:00" name="verify_Danish_Language" description="Verify Excel with JSON Danish " finished-at="2025-03-17T13:57:21 GMT-04:00" duration-ms="109479" status="PASS">
          <reporter-output>
          </reporter-output>
        </test-method> <!-- verify_Danish_Language -->
        <test-method is-config="true" signature="PostConditionTestStatus(org.testng.ITestResult)[pri:0, instance:deapp.International_DE_App@2d3379b4]" started-at="2025-03-17T13:57:21 GMT-04:00" name="PostConditionTestStatus" finished-at="2025-03-17T13:57:21 GMT-04:00" duration-ms="98" status="PASS">
          <params>
            <param index="0">
              <value>
                <![CDATA[[TestResult name=verify_Danish_Language status=SUCCESS method=International_DE_App.verify_Danish_Language()[pri:2, instance:deapp.International_DE_App@2d3379b4] output={null}]]]>
              </value>
            </param>
          </params>
          <reporter-output>
          </reporter-output>
        </test-method> <!-- PostConditionTestStatus -->
        <test-method signature="verify_German_Language()[pri:2, instance:deapp.International_DE_App@2d3379b4]" started-at="2025-03-17T13:57:21 GMT-04:00" name="verify_German_Language" description="Verify Excel with JSON German " finished-at="2025-03-17T13:59:10 GMT-04:00" duration-ms="109132" status="PASS">
          <reporter-output>
          </reporter-output>
        </test-method> <!-- verify_German_Language -->
        <test-method is-config="true" signature="PostConditionTestStatus(org.testng.ITestResult)[pri:0, instance:deapp.International_DE_App@2d3379b4]" started-at="2025-03-17T13:59:10 GMT-04:00" name="PostConditionTestStatus" finished-at="2025-03-17T13:59:10 GMT-04:00" duration-ms="130" status="PASS">
          <params>
            <param index="0">
              <value>
                <![CDATA[[TestResult name=verify_German_Language status=SUCCESS method=International_DE_App.verify_German_Language()[pri:2, instance:deapp.International_DE_App@2d3379b4] output={null}]]]>
              </value>
            </param>
          </params>
          <reporter-output>
          </reporter-output>
        </test-method> <!-- PostConditionTestStatus -->
        <test-method signature="verify_Dutch_Language()[pri:3, instance:deapp.International_DE_App@2d3379b4]" started-at="2025-03-17T13:59:10 GMT-04:00" name="verify_Dutch_Language" description="Verify Excel with JSON Dutch " finished-at="2025-03-17T14:00:59 GMT-04:00" duration-ms="109020" status="PASS">
          <reporter-output>
          </reporter-output>
        </test-method> <!-- verify_Dutch_Language -->
        <test-method is-config="true" signature="PostConditionTestStatus(org.testng.ITestResult)[pri:0, instance:deapp.International_DE_App@2d3379b4]" started-at="2025-03-17T14:00:59 GMT-04:00" name="PostConditionTestStatus" finished-at="2025-03-17T14:00:59 GMT-04:00" duration-ms="89" status="PASS">
          <params>
            <param index="0">
              <value>
                <![CDATA[[TestResult name=verify_Dutch_Language status=SUCCESS method=International_DE_App.verify_Dutch_Language()[pri:3, instance:deapp.International_DE_App@2d3379b4] output={null}]]]>
              </value>
            </param>
          </params>
          <reporter-output>
          </reporter-output>
        </test-method> <!-- PostConditionTestStatus -->
        <test-method signature="verify_Finnish_Language()[pri:4, instance:deapp.International_DE_App@2d3379b4]" started-at="2025-03-17T14:00:59 GMT-04:00" name="verify_Finnish_Language" description="Verify Excel with JSON Finnish " finished-at="2025-03-17T14:02:49 GMT-04:00" duration-ms="109288" status="PASS">
          <reporter-output>
          </reporter-output>
        </test-method> <!-- verify_Finnish_Language -->
        <test-method is-config="true" signature="PostConditionTestStatus(org.testng.ITestResult)[pri:0, instance:deapp.International_DE_App@2d3379b4]" started-at="2025-03-17T14:02:49 GMT-04:00" name="PostConditionTestStatus" finished-at="2025-03-17T14:02:49 GMT-04:00" duration-ms="80" status="PASS">
          <params>
            <param index="0">
              <value>
                <![CDATA[[TestResult name=verify_Finnish_Language status=SUCCESS method=International_DE_App.verify_Finnish_Language()[pri:4, instance:deapp.International_DE_App@2d3379b4] output={null}]]]>
              </value>
            </param>
          </params>
          <reporter-output>
          </reporter-output>
        </test-method> <!-- PostConditionTestStatus -->
        <test-method signature="verify_French_Language()[pri:5, instance:deapp.International_DE_App@2d3379b4]" started-at="2025-03-17T14:02:49 GMT-04:00" name="verify_French_Language" description="Verify Excel with JSON French " finished-at="2025-03-17T14:04:40 GMT-04:00" duration-ms="111089" status="PASS">
          <reporter-output>
          </reporter-output>
        </test-method> <!-- verify_French_Language -->
        <test-method is-config="true" signature="PostConditionTestStatus(org.testng.ITestResult)[pri:0, instance:deapp.International_DE_App@2d3379b4]" started-at="2025-03-17T14:04:40 GMT-04:00" name="PostConditionTestStatus" finished-at="2025-03-17T14:04:40 GMT-04:00" duration-ms="111" status="PASS">
          <params>
            <param index="0">
              <value>
                <![CDATA[[TestResult name=verify_French_Language status=SUCCESS method=International_DE_App.verify_French_Language()[pri:5, instance:deapp.International_DE_App@2d3379b4] output={null}]]]>
              </value>
            </param>
          </params>
          <reporter-output>
          </reporter-output>
        </test-method> <!-- PostConditionTestStatus -->
        <test-method signature="verify_Italian_Language()[pri:7, instance:deapp.International_DE_App@2d3379b4]" started-at="2025-03-17T14:04:40 GMT-04:00" name="verify_Italian_Language" description="Verify Excel with JSON Italian " finished-at="2025-03-17T14:06:29 GMT-04:00" duration-ms="108859" status="PASS">
          <reporter-output>
          </reporter-output>
        </test-method> <!-- verify_Italian_Language -->
        <test-method is-config="true" signature="PostConditionTestStatus(org.testng.ITestResult)[pri:0, instance:deapp.International_DE_App@2d3379b4]" started-at="2025-03-17T14:06:29 GMT-04:00" name="PostConditionTestStatus" finished-at="2025-03-17T14:06:29 GMT-04:00" duration-ms="116" status="PASS">
          <params>
            <param index="0">
              <value>
                <![CDATA[[TestResult name=verify_Italian_Language status=SUCCESS method=International_DE_App.verify_Italian_Language()[pri:7, instance:deapp.International_DE_App@2d3379b4] output={null}]]]>
              </value>
            </param>
          </params>
          <reporter-output>
          </reporter-output>
        </test-method> <!-- PostConditionTestStatus -->
        <test-method signature="verify_Norwegian_Language()[pri:8, instance:deapp.International_DE_App@2d3379b4]" started-at="2025-03-17T14:06:29 GMT-04:00" name="verify_Norwegian_Language" description="Verify Excel with JSON Norwegian" finished-at="2025-03-17T14:08:21 GMT-04:00" duration-ms="112108" status="PASS">
          <reporter-output>
          </reporter-output>
        </test-method> <!-- verify_Norwegian_Language -->
        <test-method is-config="true" signature="PostConditionTestStatus(org.testng.ITestResult)[pri:0, instance:deapp.International_DE_App@2d3379b4]" started-at="2025-03-17T14:08:21 GMT-04:00" name="PostConditionTestStatus" finished-at="2025-03-17T14:08:21 GMT-04:00" duration-ms="78" status="PASS">
          <params>
            <param index="0">
              <value>
                <![CDATA[[TestResult name=verify_Norwegian_Language status=SUCCESS method=International_DE_App.verify_Norwegian_Language()[pri:8, instance:deapp.International_DE_App@2d3379b4] output={null}]]]>
              </value>
            </param>
          </params>
          <reporter-output>
          </reporter-output>
        </test-method> <!-- PostConditionTestStatus -->
        <test-method signature="verify_Spanish_Language()[pri:9, instance:deapp.International_DE_App@2d3379b4]" started-at="2025-03-17T14:08:21 GMT-04:00" name="verify_Spanish_Language" description="Verify Excel with JSON Spanish " finished-at="2025-03-17T14:25:08 GMT-04:00" duration-ms="1007307" status="PASS">
          <reporter-output>
          </reporter-output>
        </test-method> <!-- verify_Spanish_Language -->
        <test-method is-config="true" signature="PostConditionTestStatus(org.testng.ITestResult)[pri:0, instance:deapp.International_DE_App@2d3379b4]" started-at="2025-03-17T14:25:08 GMT-04:00" name="PostConditionTestStatus" finished-at="2025-03-17T14:25:09 GMT-04:00" duration-ms="76" status="PASS">
          <params>
            <param index="0">
              <value>
                <![CDATA[[TestResult name=verify_Spanish_Language status=SUCCESS method=International_DE_App.verify_Spanish_Language()[pri:9, instance:deapp.International_DE_App@2d3379b4] output={null}]]]>
              </value>
            </param>
          </params>
          <reporter-output>
          </reporter-output>
        </test-method> <!-- PostConditionTestStatus -->
        <test-method signature="verify_swedish_Language()[pri:10, instance:deapp.International_DE_App@2d3379b4]" started-at="2025-03-17T14:25:09 GMT-04:00" name="verify_swedish_Language" description="Verify Excel with JSN swedish " finished-at="2025-03-17T14:26:54 GMT-04:00" duration-ms="105423" status="PASS">
          <reporter-output>
          </reporter-output>
        </test-method> <!-- verify_swedish_Language -->
        <test-method is-config="true" signature="PostConditionTestStatus(org.testng.ITestResult)[pri:0, instance:deapp.International_DE_App@2d3379b4]" started-at="2025-03-17T14:26:54 GMT-04:00" name="PostConditionTestStatus" finished-at="2025-03-17T14:26:54 GMT-04:00" duration-ms="68" status="PASS">
          <params>
            <param index="0">
              <value>
                <![CDATA[[TestResult name=verify_swedish_Language status=SUCCESS method=International_DE_App.verify_swedish_Language()[pri:10, instance:deapp.International_DE_App@2d3379b4] output={null}]]]>
              </value>
            </param>
          </params>
          <reporter-output>
          </reporter-output>
        </test-method> <!-- PostConditionTestStatus -->
        <test-method signature="verify_Eurpoean_Portuguese_Language()[pri:11, instance:deapp.International_DE_App@2d3379b4]" started-at="2025-03-17T14:26:54 GMT-04:00" name="verify_Eurpoean_Portuguese_Language" description="Verify Excel with JSON Eurpoean_Portuguese " finished-at="2025-03-17T14:28:40 GMT-04:00" duration-ms="105779" status="PASS">
          <reporter-output>
          </reporter-output>
        </test-method> <!-- verify_Eurpoean_Portuguese_Language -->
        <test-method is-config="true" signature="PostConditionTestStatus(org.testng.ITestResult)[pri:0, instance:deapp.International_DE_App@2d3379b4]" started-at="2025-03-17T14:28:40 GMT-04:00" name="PostConditionTestStatus" finished-at="2025-03-17T14:28:40 GMT-04:00" duration-ms="110" status="PASS">
          <params>
            <param index="0">
              <value>
                <![CDATA[[TestResult name=verify_Eurpoean_Portuguese_Language status=SUCCESS method=International_DE_App.verify_Eurpoean_Portuguese_Language()[pri:11, instance:deapp.International_DE_App@2d3379b4] output={null}]]]>
              </value>
            </param>
          </params>
          <reporter-output>
          </reporter-output>
        </test-method> <!-- PostConditionTestStatus -->
        <test-method signature="verify_Polish_Language()[pri:12, instance:deapp.International_DE_App@2d3379b4]" started-at="2025-03-17T14:28:40 GMT-04:00" name="verify_Polish_Language" description="Verify Excel with JSON Polish" finished-at="2025-03-17T14:45:42 GMT-04:00" duration-ms="1022502" status="PASS">
          <reporter-output>
          </reporter-output>
        </test-method> <!-- verify_Polish_Language -->
        <test-method is-config="true" signature="PostConditionTestStatus(org.testng.ITestResult)[pri:0, instance:deapp.International_DE_App@2d3379b4]" started-at="2025-03-17T14:45:42 GMT-04:00" name="PostConditionTestStatus" finished-at="2025-03-17T14:45:42 GMT-04:00" duration-ms="64" status="PASS">
          <params>
            <param index="0">
              <value>
                <![CDATA[[TestResult name=verify_Polish_Language status=SUCCESS method=International_DE_App.verify_Polish_Language()[pri:12, instance:deapp.International_DE_App@2d3379b4] output={null}]]]>
              </value>
            </param>
          </params>
          <reporter-output>
          </reporter-output>
        </test-method> <!-- PostConditionTestStatus -->
        <test-method signature="verify_Portuguese_Brazil_Language()[pri:13, instance:deapp.International_DE_App@2d3379b4]" started-at="2025-03-17T14:45:42 GMT-04:00" name="verify_Portuguese_Brazil_Language" description="Verify Excel with JSON Brazil" finished-at="2025-03-17T14:47:29 GMT-04:00" duration-ms="106597" status="PASS">
          <reporter-output>
          </reporter-output>
        </test-method> <!-- verify_Portuguese_Brazil_Language -->
        <test-method is-config="true" signature="PostConditionTestStatus(org.testng.ITestResult)[pri:0, instance:deapp.International_DE_App@2d3379b4]" started-at="2025-03-17T14:47:29 GMT-04:00" name="PostConditionTestStatus" finished-at="2025-03-17T14:47:29 GMT-04:00" duration-ms="70" status="PASS">
          <params>
            <param index="0">
              <value>
                <![CDATA[[TestResult name=verify_Portuguese_Brazil_Language status=SUCCESS method=International_DE_App.verify_Portuguese_Brazil_Language()[pri:13, instance:deapp.International_DE_App@2d3379b4] output={null}]]]>
              </value>
            </param>
          </params>
          <reporter-output>
          </reporter-output>
        </test-method> <!-- PostConditionTestStatus -->
        <test-method is-config="true" signature="addToReport()[pri:0, instance:deapp.International_DE_App@2d3379b4]" started-at="2025-03-17T14:47:29 GMT-04:00" name="addToReport" finished-at="2025-03-17T14:47:29 GMT-04:00" duration-ms="156" status="PASS">
          <reporter-output>
          </reporter-output>
        </test-method> <!-- addToReport -->
      </class> <!-- deapp.International_DE_App -->
    </test> <!-- International_DE_App -->
  </suite> <!-- Suite -->
</testng-results>
