<?xml version="1.0" encoding="UTF-8"?>
<!-- Generated by org.testng.reporters.JUnitReportReporter -->
<testsuite hostname="Brahmendras-MacBook-Air.local" failures="0" tests="1" name="deapp.International_DE_APP_HighestStringLength" time="598.136" errors="0" timestamp="2025-03-17T13:46:26 GMT-04:00" skipped="0">
  <testcase classname="deapp.International_DE_APP_HighestStringLength" name="Get_HighestLength_String_of_Particular_LanguageKey" time="598.136"/>
  <system-out/>
</testsuite> <!-- deapp.International_DE_APP_HighestStringLength -->
