<?xml version="1.0" encoding="UTF-8"?>
<!-- Generated by org.testng.reporters.JUnitReportReporter -->
<testsuite hostname="G4SLFX33E" failures="0" tests="13" name="deapp.International_DE_App" time="1247.997" errors="0" timestamp="2024-04-16T12:10:06 IST" skipped="0">
  <testcase classname="deapp.International_DE_App" name="verify_English_Language" time="97.137"/>
  <system-out/>
  <testcase classname="deapp.International_DE_App" name="verify_Danish_Language" time="101.078"/>
  <system-out/>
  <testcase classname="deapp.International_DE_App" name="verify_German_Language" time="80.927"/>
  <system-out/>
  <testcase classname="deapp.International_DE_App" name="verify_Dutch_Language" time="100.573"/>
  <system-out/>
  <testcase classname="deapp.International_DE_App" name="verify_Finnish_Language" time="92.367"/>
  <system-out/>
  <testcase classname="deapp.International_DE_App" name="verify_French_Language" time="103.955"/>
  <system-out/>
  <testcase classname="deapp.International_DE_App" name="verify_Italian_Language" time="97.183"/>
  <system-out/>
  <testcase classname="deapp.International_DE_App" name="verify_Norwegian_Language" time="98.410"/>
  <system-out/>
  <testcase classname="deapp.International_DE_App" name="verify_Spanish_Language" time="95.554"/>
  <system-out/>
  <testcase classname="deapp.International_DE_App" name="verify_swedish_Language" time="91.774"/>
  <system-out/>
  <testcase classname="deapp.International_DE_App" name="verify_Eurpoean_Portuguese_Language" time="95.380"/>
  <system-out/>
  <testcase classname="deapp.International_DE_App" name="verify_Polish_Language" time="95.033"/>
  <system-out/>
  <testcase classname="deapp.International_DE_App" name="verify_Portuguese_Brazil_Language" time="98.626"/>
  <system-out/>
</testsuite> <!-- deapp.International_DE_App -->
