<?xml version="1.0" encoding="UTF-8"?>
<!-- Generated by org.testng.reporters.JUnitReportReporter -->
<testsuite hostname="G4SLFX33E" failures="0" tests="1" name="Generic.International_DE_Connectivity_HighestStringLength" time="52.059" errors="0" timestamp="2024-04-03T15:19:30 IST" skipped="0">
  <testcase classname="Generic.International_DE_Connectivity_HighestStringLength" name="Get_HighestLength_String_of_Particular_LanguageKey" time="52.059"/>
  <system-out/>
</testsuite> <!-- Generic.International_DE_Connectivity_HighestStringLength -->
