<?xml version="1.0" encoding="UTF-8"?>
<!-- Generated by org.testng.reporters.JUnitReportReporter -->
<testsuite hostname="Brahmendras-MacBook-Air.local" failures="0" tests="13" name="Testclass.International_App" time="2.551" errors="0" timestamp="2026-02-03T09:53:02 GMT-05:00" skipped="0">
  <testcase classname="Testclass.International_App" name="verify_English_Language" time="0.720"/>
  <testcase classname="Testclass.International_App" name="verify_German_Language" time="0.164"/>
  <testcase classname="Testclass.International_App" name="verify_Danish_Language" time="0.238"/>
  <testcase classname="Testclass.International_App" name="verify_Dutch_Language" time="0.149"/>
  <testcase classname="Testclass.International_App" name="verify_Finnish_Language" time="0.358"/>
  <testcase classname="Testclass.International_App" name="verify_French_Language" time="0.140"/>
  <testcase classname="Testclass.International_App" name="verify_Italian_Language" time="0.123"/>
  <testcase classname="Testclass.International_App" name="verify_Norwegian_Language" time="0.118"/>
  <testcase classname="Testclass.International_App" name="verify_Spanish_Language" time="0.112"/>
  <testcase classname="Testclass.International_App" name="verify_swedish_Language" time="0.109"/>
  <testcase classname="Testclass.International_App" name="verify_Eurpoean_Portuguese_Language" time="0.116"/>
  <testcase classname="Testclass.International_App" name="verify_Polish_Language" time="0.102"/>
  <testcase classname="Testclass.International_App" name="verify_Portuguese_Brazil_Language" time="0.102"/>
</testsuite> <!-- Testclass.International_App -->
