<?xml version="1.0" encoding="UTF-8"?>
<!-- Generated by org.testng.reporters.JUnitReportReporter -->
<testsuite hostname="Brahmendras-MacBook-Air.local" failures="0" tests="13" name="Testclass.International_App" time="21.654" errors="0" timestamp="2026-01-12T20:50:03 GMT-05:00" skipped="0">
  <testcase classname="Testclass.International_App" name="verify_English_Language" time="10.721"/>
  <testcase classname="Testclass.International_App" name="verify_German_Language" time="1.174"/>
  <testcase classname="Testclass.International_App" name="verify_Danish_Language" time="1.623"/>
  <testcase classname="Testclass.International_App" name="verify_Dutch_Language" time="0.916"/>
  <testcase classname="Testclass.International_App" name="verify_Finnish_Language" time="0.954"/>
  <testcase classname="Testclass.International_App" name="verify_French_Language" time="0.635"/>
  <testcase classname="Testclass.International_App" name="verify_Italian_Language" time="0.628"/>
  <testcase classname="Testclass.International_App" name="verify_Norwegian_Language" time="0.895"/>
  <testcase classname="Testclass.International_App" name="verify_Spanish_Language" time="0.509"/>
  <testcase classname="Testclass.International_App" name="verify_swedish_Language" time="0.577"/>
  <testcase classname="Testclass.International_App" name="verify_Eurpoean_Portuguese_Language" time="1.847"/>
  <testcase classname="Testclass.International_App" name="verify_Polish_Language" time="0.648"/>
  <testcase classname="Testclass.International_App" name="verify_Portuguese_Brazil_Language" time="0.527"/>
</testsuite> <!-- Testclass.International_App -->
