<?xml version="1.0" encoding="UTF-8"?>
<!-- Generated by org.testng.reporters.JUnitReportReporter -->
<testsuite hostname="Brahmendras-MacBook-Air.local" failures="0" tests="13" name="deapp.International_DE_App" time="3233.104" errors="0" timestamp="2025-03-17T14:47:30 GMT-04:00" skipped="0">
  <testcase classname="deapp.International_DE_App" name="verify_English_Language" time="114.547"/>
  <system-out/>
  <testcase classname="deapp.International_DE_App" name="verify_German_Language" time="109.221"/>
  <system-out/>
  <testcase classname="deapp.International_DE_App" name="verify_Danish_Language" time="109.555"/>
  <system-out/>
  <testcase classname="deapp.International_DE_App" name="verify_Dutch_Language" time="109.088"/>
  <system-out/>
  <testcase classname="deapp.International_DE_App" name="verify_Finnish_Language" time="109.386"/>
  <system-out/>
  <testcase classname="deapp.International_DE_App" name="verify_French_Language" time="111.205"/>
  <system-out/>
  <testcase classname="deapp.International_DE_App" name="verify_Italian_Language" time="108.989"/>
  <system-out/>
  <testcase classname="deapp.International_DE_App" name="verify_Norwegian_Language" time="113.103"/>
  <system-out/>
  <testcase classname="deapp.International_DE_App" name="verify_Spanish_Language" time="1007.417"/>
  <system-out/>
  <testcase classname="deapp.International_DE_App" name="verify_swedish_Language" time="105.503"/>
  <system-out/>
  <testcase classname="deapp.International_DE_App" name="verify_Eurpoean_Portuguese_Language" time="105.843"/>
  <system-out/>
  <testcase classname="deapp.International_DE_App" name="verify_Polish_Language" time="1022.572"/>
  <system-out/>
  <testcase classname="deapp.International_DE_App" name="verify_Portuguese_Brazil_Language" time="106.675"/>
  <system-out/>
</testsuite> <!-- deapp.International_DE_App -->
