<?xml version="1.0" encoding="UTF-8"?>
<!-- Generated by org.testng.reporters.JUnitReportReporter -->
<testsuite hostname="G4SLFX33E" failures="0" tests="1" name="deapp.International_DE_APP_HighestStringLength" time="404.842" errors="0" timestamp="2024-04-16T12:35:29 IST" skipped="0">
  <testcase classname="deapp.International_DE_APP_HighestStringLength" name="Get_HighestLength_String_of_Particular_LanguageKey" time="404.842"/>
  <system-out/>
</testsuite> <!-- deapp.International_DE_APP_HighestStringLength -->
