<?xml version="1.0" encoding="UTF-8"?>
<!-- Generated by org.testng.reporters.JUnitReportReporter -->
<testsuite hostname="Brahmendras-MacBook-Air.local" failures="0" tests="1" name="deapp.International_DE_APP_HighestStringLength" time="578.433" errors="0" timestamp="2025-03-17T21:39:57 GMT-04:00" skipped="0">
  <testcase classname="deapp.International_DE_APP_HighestStringLength" name="Get_HighestLength_String_of_Particular_LanguageKey" time="578.433"/>
</testsuite> <!-- deapp.International_DE_APP_HighestStringLength -->
